{"meta": {"format": 3, "version": "7.11.0", "timestamp": "2025-10-19T15:29:22.515964", "branch_coverage": true, "show_contexts": false}, "files": {"pyguard/__init__.py": {"executed_lines": [1, 8, 9, 10, 12, 13, 14, 15, 16, 17, 18, 23, 28, 29, 30, 31, 32, 33, 34, 35, 41, 50, 51, 52, 57, 58, 59, 60, 66, 72, 77, 81, 87], "summary": {"covered_lines": 32, "num_statements": 32, "percent_covered": 100.0, "percent_covered_display": "100", "missing_lines": 0, "excluded_lines": 0, "num_branches": 0, "num_partial_branches": 0, "covered_branches": 0, "missing_branches": 0}, "missing_lines": [], "excluded_lines": [], "executed_branches": [], "missing_branches": [], "functions": {"": {"executed_lines": [1, 8, 9, 10, 12, 13, 14, 15, 16, 17, 18, 23, 28, 29, 30, 31, 32, 33, 34, 35, 41, 50, 51, 52, 57, 58, 59, 60, 66, 72, 77, 81, 87], "summary": {"covered_lines": 32, "num_statements": 32, "percent_covered": 100.0, "percent_covered_display": "100", "missing_lines": 0, "excluded_lines": 0, "num_branches": 0, "num_partial_branches": 0, "covered_branches": 0, "missing_branches": 0}, "missing_lines": [], "excluded_lines": [], "executed_branches": [], "missing_branches": []}}, "classes": {"": {"executed_lines": [1, 8, 9, 10, 12, 13, 14, 15, 16, 17, 18, 23, 28, 29, 30, 31, 32, 33, 34, 35, 41, 50, 51, 52, 57, 58, 59, 60, 66, 72, 77, 81, 87], "summary": {"covered_lines": 32, "num_statements": 32, "percent_covered": 100.0, "percent_covered_display": "100", "missing_lines": 0, "excluded_lines": 0, "num_branches": 0, "num_partial_branches": 0, "covered_branches": 0, "missing_branches": 0}, "missing_lines": [], "excluded_lines": [], "executed_branches": [], "missing_branches": []}}}, "pyguard/cli.py": {"executed_lines": [1, 7, 8, 9, 10, 11, 13, 14, 15, 16, 17, 18, 19, 20, 21, 22, 23, 24, 27, 28, 30, 37, 38, 39, 40, 41, 42, 43, 46, 47, 48, 49, 50, 51, 54, 56, 57, 59, 60, 61, 62, 63, 64, 68, 69, 71, 82, 83, 84, 85, 87, 89, 90, 94, 97, 99, 100, 101, 102, 103, 104, 106, 108, 121, 122, 123, 124, 126, 128, 129, 132, 134, 135, 136, 137, 138, 140, 142, 152, 153, 160, 161, 162, 163, 165, 166, 167, 168, 169, 170, 171, 172, 173, 175, 184, 203, 205, 207, 208, 211, 217, 218, 220, 222, 224, 238, 240, 254, 256, 257, 259, 260, 261, 264, 265, 266, 269, 270, 271, 274, 275, 276, 277, 278, 280, 281, 282, 283, 284, 288, 290, 291, 292, 294, 295, 296, 297, 299, 300, 301, 302, 304, 305, 306, 307, 310, 311, 312, 313, 314, 315, 316, 317, 319, 321, 322, 326, 327, 328, 329, 332, 333, 334, 335, 337, 339, 351, 354, 355, 358, 361, 362, 363, 364, 370, 371, 374, 377, 378, 379, 381, 386, 387, 390, 391, 394, 397, 400, 402, 404, 409, 415, 421, 427, 433, 439, 445, 451, 457, 463, 470, 476, 482, 490, 497, 504, 511, 517, 523, 529, 532, 535, 536, 537, 538, 540, 541, 542, 543, 544, 545, 547, 548, 551, 553, 554, 558, 559, 563, 572, 573, 574, 576, 577, 580, 581, 583, 584, 586, 587, 590, 591, 592, 593, 595, 596, 597, 598, 599, 601, 604, 605, 607, 609, 612, 613, 614, 616, 617, 620, 621, 623, 625, 626, 627, 628, 629, 630, 633, 635, 638, 639, 640, 641, 642, 643, 646, 648, 651, 652, 653, 655, 656, 659, 660, 662, 664, 665, 666, 667, 668, 669, 671, 672, 673, 675, 676, 677, 679, 680, 681, 682, 683, 684, 689, 692, 714, 715, 716, 719, 756, 757, 760, 763, 764, 767, 768, 770, 794, 795, 796, 798, 799, 800, 801, 809, 810, 813, 816, 817, 818, 819, 821, 822, 825, 826, 827, 829, 839, 840, 841, 844, 845, 848, 849, 850, 851, 852, 853, 854, 855, 858, 861], "summary": {"covered_lines": 350, "num_statements": 403, "percent_covered": 83.7696335078534, "percent_covered_display": "84", "missing_lines": 53, "excluded_lines": 2, "num_branches": 170, "num_partial_branches": 20, "covered_branches": 130, "missing_branches": 40}, "missing_lines": [555, 556, 557, 561, 564, 568, 602, 631, 644, 685, 687, 693, 694, 696, 697, 700, 701, 703, 704, 707, 708, 709, 711, 720, 721, 724, 725, 726, 727, 728, 729, 732, 735, 736, 738, 739, 743, 745, 746, 747, 749, 752, 772, 774, 775, 777, 778, 779, 780, 786, 787, 789, 791], "excluded_lines": [861, 862], "executed_branches": [[59, 60], [59, 69], [87, 89], [87, 106], [89, 90], [89, 94], [99, 100], [99, 103], [103, 87], [103, 104], [126, 128], [126, 140], [128, 129], [128, 132], [134, 135], [134, 137], [137, 126], [137, 138], [152, 153], [152, 160], [165, 166], [165, 175], [205, 207], [205, 222], [207, 208], [207, 211], [217, 218], [217, 220], [254, 256], [254, 288], [275, 276], [281, 282], [297, 299], [297, 321], [300, 301], [300, 310], [304, 305], [311, 312], [311, 319], [314, 315], [354, 355], [354, 358], [362, 363], [362, 377], [370, 371], [377, 378], [377, 394], [386, 387], [537, 538], [537, 563], [540, 541], [540, 545], [541, 542], [541, 543], [543, 544], [545, 547], [551, 537], [551, 553], [554, 558], [558, 551], [558, 559], [563, 572], [572, 573], [572, 612], [576, 577], [576, 583], [583, 584], [583, 609], [586, 587], [586, 607], [592, 593], [592, 595], [597, 598], [597, 601], [601, 604], [604, 583], [604, 605], [612, 613], [612, 651], [616, 617], [616, 623], [623, 625], [623, 648], [626, 627], [626, 633], [628, 629], [628, 630], [630, 635], [639, 640], [639, 646], [641, 642], [641, 643], [643, 623], [651, 652], [651, 692], [655, 656], [655, 662], [662, 664], [662, 689], [666, 667], [666, 671], [667, 666], [667, 668], [671, 672], [671, 675], [680, 681], [682, 683], [682, 684], [684, 662], [692, 714], [719, 756], [756, 757], [756, 763], [767, 768], [767, 798], [798, 799], [798, 800], [800, 801], [800, 809], [809, 810], [809, 813], [816, 817], [816, 858], [825, 826], [826, 827], [826, 848], [827, 826], [827, 829], [839, 840], [844, 845]], "missing_branches": [[275, 280], [281, 332], [304, 306], [314, 316], [370, 377], [386, 394], [543, 537], [545, 561], [554, 555], [555, 554], [555, 556], [563, 564], [601, 602], [630, 631], [643, 644], [680, 687], [684, 685], [692, 693], [696, 697], [696, 703], [703, 704], [703, 711], [719, 720], [720, 721], [720, 749], [725, 726], [725, 732], [727, 725], [727, 728], [745, 746], [745, 756], [777, 778], [777, 779], [779, 780], [779, 786], [786, 787], [786, 789], [825, 848], [839, 841], [844, 827]], "functions": {"PyGuardCLI.__init__": {"executed_lines": [37, 38, 39, 40, 41, 42, 43, 46, 47, 48, 49, 50, 51, 54], "summary": {"covered_lines": 14, "num_statements": 14, "percent_covered": 100.0, "percent_covered_display": "100", "missing_lines": 0, "excluded_lines": 0, "num_branches": 0, "num_partial_branches": 0, "covered_branches": 0, "missing_branches": 0}, "missing_lines": [], "excluded_lines": [], "executed_branches": [], "missing_branches": []}, "PyGuardCLI.notebook_analyzer": {"executed_lines": [59, 60, 61, 62, 63, 64, 68, 69], "summary": {"covered_lines": 8, "num_statements": 8, "percent_covered": 100.0, "percent_covered_display": "100", "missing_lines": 0, "excluded_lines": 0, "num_branches": 2, "num_partial_branches": 0, "covered_branches": 2, "missing_branches": 0}, "missing_lines": [], "excluded_lines": [], "executed_branches": [[59, 60], [59, 69]], "missing_branches": []}, "PyGuardCLI.run_security_fixes": {"executed_lines": [82, 83, 84, 85, 87, 89, 90, 94, 97, 99, 100, 101, 102, 103, 104, 106], "summary": {"covered_lines": 16, "num_statements": 16, "percent_covered": 100.0, "percent_covered_display": "100", "missing_lines": 0, "excluded_lines": 0, "num_branches": 8, "num_partial_branches": 0, "covered_branches": 8, "missing_branches": 0}, "missing_lines": [], "excluded_lines": [], "executed_branches": [[87, 89], [87, 106], [89, 90], [89, 94], [99, 100], [99, 103], [103, 87], [103, 104]], "missing_branches": []}, "PyGuardCLI.run_best_practices_fixes": {"executed_lines": [121, 122, 123, 124, 126, 128, 129, 132, 134, 135, 136, 137, 138, 140], "summary": {"covered_lines": 14, "num_statements": 14, "percent_covered": 100.0, "percent_covered_display": "100", "missing_lines": 0, "excluded_lines": 0, "num_branches": 8, "num_partial_branches": 0, "covered_branches": 8, "missing_branches": 0}, "missing_lines": [], "excluded_lines": [], "executed_branches": [[126, 128], [126, 140], [128, 129], [128, 132], [134, 135], [134, 137], [137, 126], [137, 138]], "missing_branches": []}, "PyGuardCLI.analyze_notebooks": {"executed_lines": [152, 153, 160, 161, 162, 163, 165, 166, 167, 168, 169, 170, 171, 172, 173, 175], "summary": {"covered_lines": 16, "num_statements": 16, "percent_covered": 100.0, "percent_covered_display": "100", "missing_lines": 0, "excluded_lines": 0, "num_branches": 4, "num_partial_branches": 0, "covered_branches": 4, "missing_branches": 0}, "missing_lines": [], "excluded_lines": [], "executed_branches": [[152, 153], [152, 160], [165, 166], [165, 175]], "missing_branches": []}, "PyGuardCLI.run_formatting": {"executed_lines": [203, 205, 207, 208, 211, 217, 218, 220, 222], "summary": {"covered_lines": 9, "num_statements": 9, "percent_covered": 100.0, "percent_covered_display": "100", "missing_lines": 0, "excluded_lines": 0, "num_branches": 6, "num_partial_branches": 0, "covered_branches": 6, "missing_branches": 0}, "missing_lines": [], "excluded_lines": [], "executed_branches": [[205, 207], [205, 222], [207, 208], [207, 211], [217, 218], [217, 220]], "missing_branches": []}, "PyGuardCLI.run_full_analysis": {"executed_lines": [238, 240, 254, 256, 257, 259, 260, 261, 264, 265, 266, 269, 270, 271, 274, 275, 276, 277, 278, 280, 281, 282, 283, 284, 288, 290, 291, 292, 294, 295, 296, 297, 299, 300, 301, 302, 304, 305, 306, 307, 310, 311, 312, 313, 314, 315, 316, 317, 319, 321, 322, 326, 327, 328, 329, 332, 333, 334, 335, 337], "summary": {"covered_lines": 60, "num_statements": 60, "percent_covered": 94.73684210526316, "percent_covered_display": "95", "missing_lines": 0, "excluded_lines": 0, "num_branches": 16, "num_partial_branches": 4, "covered_branches": 12, "missing_branches": 4}, "missing_lines": [], "excluded_lines": [], "executed_branches": [[254, 256], [254, 288], [275, 276], [281, 282], [297, 299], [297, 321], [300, 301], [300, 310], [304, 305], [311, 312], [311, 319], [314, 315]], "missing_branches": [[275, 280], [281, 332], [304, 306], [314, 316]]}, "PyGuardCLI.print_results": {"executed_lines": [351, 354, 355, 358, 361, 362, 363, 364, 370, 371, 374, 377, 378, 379, 381, 386, 387, 390, 391, 394, 397], "summary": {"covered_lines": 21, "num_statements": 21, "percent_covered": 93.54838709677419, "percent_covered_display": "94", "missing_lines": 0, "excluded_lines": 0, "num_branches": 10, "num_partial_branches": 2, "covered_branches": 8, "missing_branches": 2}, "missing_lines": [], "excluded_lines": [], "executed_branches": [[354, 355], [354, 358], [362, 363], [362, 377], [370, 371], [377, 378], [377, 394], [386, 387]], "missing_branches": [[370, 377], [386, 394]]}, "main": {"executed_lines": [402, 404, 409, 415, 421, 427, 433, 439, 445, 451, 457, 463, 470, 476, 482, 490, 497, 504, 511, 517, 523, 529, 532, 535, 536, 537, 538, 540, 541, 542, 543, 544, 545, 547, 548, 551, 553, 554, 558, 559, 563, 572, 573, 574, 576, 577, 580, 581, 583, 584, 586, 587, 590, 591, 592, 593, 595, 596, 597, 598, 599, 601, 604, 605, 607, 609, 612, 613, 614, 616, 617, 620, 621, 623, 625, 626, 627, 628, 629, 630, 633, 635, 638, 639, 640, 641, 642, 643, 646, 648, 651, 652, 653, 655, 656, 659, 660, 662, 664, 665, 666, 667, 668, 669, 671, 672, 673, 675, 676, 677, 679, 680, 681, 682, 683, 684, 689, 692, 714, 715, 716, 719, 756, 757, 760, 763, 764, 767, 768, 770, 794, 795, 796, 798, 799, 800, 801, 809, 810, 813, 816, 817, 818, 819, 821, 822, 825, 826, 827, 829, 839, 840, 841, 844, 845, 848, 849, 850, 851, 852, 853, 854, 855, 858], "summary": {"covered_lines": 164, "num_statements": 206, "percent_covered": 77.84810126582279, "percent_covered_display": "78", "missing_lines": 42, "excluded_lines": 0, "num_branches": 110, "num_partial_branches": 14, "covered_branches": 82, "missing_branches": 28}, "missing_lines": [555, 556, 557, 561, 564, 568, 602, 631, 644, 685, 687, 693, 694, 696, 697, 700, 701, 703, 704, 707, 708, 709, 711, 720, 721, 724, 725, 726, 727, 728, 729, 732, 735, 736, 738, 739, 743, 745, 746, 747, 749, 752], "excluded_lines": [], "executed_branches": [[537, 538], [537, 563], [540, 541], [540, 545], [541, 542], [541, 543], [543, 544], [545, 547], [551, 537], [551, 553], [554, 558], [558, 551], [558, 559], [563, 572], [572, 573], [572, 612], [576, 577], [576, 583], [583, 584], [583, 609], [586, 587], [586, 607], [592, 593], [592, 595], [597, 598], [597, 601], [601, 604], [604, 583], [604, 605], [612, 613], [612, 651], [616, 617], [616, 623], [623, 625], [623, 648], [626, 627], [626, 633], [628, 629], [628, 630], [630, 635], [639, 640], [639, 646], [641, 642], [641, 643], [643, 623], [651, 652], [651, 692], [655, 656], [655, 662], [662, 664], [662, 689], [666, 667], [666, 671], [667, 666], [667, 668], [671, 672], [671, 675], [680, 681], [682, 683], [682, 684], [684, 662], [692, 714], [719, 756], [756, 757], [756, 763], [767, 768], [767, 798], [798, 799], [798, 800], [800, 801], [800, 809], [809, 810], [809, 813], [816, 817], [816, 858], [825, 826], [826, 827], [826, 848], [827, 826], [827, 829], [839, 840], [844, 845]], "missing_branches": [[543, 537], [545, 561], [554, 555], [555, 554], [555, 556], [563, 564], [601, 602], [630, 631], [643, 644], [680, 687], [684, 685], [692, 693], [696, 697], [696, 703], [703, 704], [703, 711], [719, 720], [720, 721], [720, 749], [725, 726], [725, 732], [727, 725], [727, 728], [745, 746], [745, 756], [825, 848], [839, 841], [844, 827]]}, "main.analyze_file": {"executed_lines": [], "summary": {"covered_lines": 0, "num_statements": 11, "percent_covered": 0.0, "percent_covered_display": "0", "missing_lines": 11, "excluded_lines": 0, "num_branches": 6, "num_partial_branches": 0, "covered_branches": 0, "missing_branches": 6}, "missing_lines": [772, 774, 775, 777, 778, 779, 780, 786, 787, 789, 791], "excluded_lines": [], "executed_branches": [], "missing_branches": [[777, 778], [777, 779], [779, 780], [779, 786], [786, 787], [786, 789]]}, "": {"executed_lines": [1, 7, 8, 9, 10, 11, 13, 14, 15, 16, 17, 18, 19, 20, 21, 22, 23, 24, 27, 28, 30, 56, 57, 71, 108, 142, 184, 224, 339, 400, 861], "summary": {"covered_lines": 28, "num_statements": 28, "percent_covered": 100.0, "percent_covered_display": "100", "missing_lines": 0, "excluded_lines": 2, "num_branches": 0, "num_partial_branches": 0, "covered_branches": 0, "missing_branches": 0}, "missing_lines": [], "excluded_lines": [861, 862], "executed_branches": [], "missing_branches": []}}, "classes": {"PyGuardCLI": {"executed_lines": [37, 38, 39, 40, 41, 42, 43, 46, 47, 48, 49, 50, 51, 54, 59, 60, 61, 62, 63, 64, 68, 69, 82, 83, 84, 85, 87, 89, 90, 94, 97, 99, 100, 101, 102, 103, 104, 106, 121, 122, 123, 124, 126, 128, 129, 132, 134, 135, 136, 137, 138, 140, 152, 153, 160, 161, 162, 163, 165, 166, 167, 168, 169, 170, 171, 172, 173, 175, 203, 205, 207, 208, 211, 217, 218, 220, 222, 238, 240, 254, 256, 257, 259, 260, 261, 264, 265, 266, 269, 270, 271, 274, 275, 276, 277, 278, 280, 281, 282, 283, 284, 288, 290, 291, 292, 294, 295, 296, 297, 299, 300, 301, 302, 304, 305, 306, 307, 310, 311, 312, 313, 314, 315, 316, 317, 319, 321, 322, 326, 327, 328, 329, 332, 333, 334, 335, 337, 351, 354, 355, 358, 361, 362, 363, 364, 370, 371, 374, 377, 378, 379, 381, 386, 387, 390, 391, 394, 397], "summary": {"covered_lines": 158, "num_statements": 158, "percent_covered": 97.16981132075472, "percent_covered_display": "97", "missing_lines": 0, "excluded_lines": 0, "num_branches": 54, "num_partial_branches": 6, "covered_branches": 48, "missing_branches": 6}, "missing_lines": [], "excluded_lines": [], "executed_branches": [[59, 60], [59, 69], [87, 89], [87, 106], [89, 90], [89, 94], [99, 100], [99, 103], [103, 87], [103, 104], [126, 128], [126, 140], [128, 129], [128, 132], [134, 135], [134, 137], [137, 126], [137, 138], [152, 153], [152, 160], [165, 166], [165, 175], [205, 207], [205, 222], [207, 208], [207, 211], [217, 218], [217, 220], [254, 256], [254, 288], [275, 276], [281, 282], [297, 299], [297, 321], [300, 301], [300, 310], [304, 305], [311, 312], [311, 319], [314, 315], [354, 355], [354, 358], [362, 363], [362, 377], [370, 371], [377, 378], [377, 394], [386, 387]], "missing_branches": [[275, 280], [281, 332], [304, 306], [314, 316], [370, 377], [386, 394]]}, "": {"executed_lines": [1, 7, 8, 9, 10, 11, 13, 14, 15, 16, 17, 18, 19, 20, 21, 22, 23, 24, 27, 28, 30, 56, 57, 71, 108, 142, 184, 224, 339, 400, 402, 404, 409, 415, 421, 427, 433, 439, 445, 451, 457, 463, 470, 476, 482, 490, 497, 504, 511, 517, 523, 529, 532, 535, 536, 537, 538, 540, 541, 542, 543, 544, 545, 547, 548, 551, 553, 554, 558, 559, 563, 572, 573, 574, 576, 577, 580, 581, 583, 584, 586, 587, 590, 591, 592, 593, 595, 596, 597, 598, 599, 601, 604, 605, 607, 609, 612, 613, 614, 616, 617, 620, 621, 623, 625, 626, 627, 628, 629, 630, 633, 635, 638, 639, 640, 641, 642, 643, 646, 648, 651, 652, 653, 655, 656, 659, 660, 662, 664, 665, 666, 667, 668, 669, 671, 672, 673, 675, 676, 677, 679, 680, 681, 682, 683, 684, 689, 692, 714, 715, 716, 719, 756, 757, 760, 763, 764, 767, 768, 770, 794, 795, 796, 798, 799, 800, 801, 809, 810, 813, 816, 817, 818, 819, 821, 822, 825, 826, 827, 829, 839, 840, 841, 844, 845, 848, 849, 850, 851, 852, 853, 854, 855, 858, 861], "summary": {"covered_lines": 192, "num_statements": 245, "percent_covered": 75.90027700831025, "percent_covered_display": "76", "missing_lines": 53, "excluded_lines": 2, "num_branches": 116, "num_partial_branches": 14, "covered_branches": 82, "missing_branches": 34}, "missing_lines": [555, 556, 557, 561, 564, 568, 602, 631, 644, 685, 687, 693, 694, 696, 697, 700, 701, 703, 704, 707, 708, 709, 711, 720, 721, 724, 725, 726, 727, 728, 729, 732, 735, 736, 738, 739, 743, 745, 746, 747, 749, 752, 772, 774, 775, 777, 778, 779, 780, 786, 787, 789, 791], "excluded_lines": [861, 862], "executed_branches": [[537, 538], [537, 563], [540, 541], [540, 545], [541, 542], [541, 543], [543, 544], [545, 547], [551, 537], [551, 553], [554, 558], [558, 551], [558, 559], [563, 572], [572, 573], [572, 612], [576, 577], [576, 583], [583, 584], [583, 609], [586, 587], [586, 607], [592, 593], [592, 595], [597, 598], [597, 601], [601, 604], [604, 583], [604, 605], [612, 613], [612, 651], [616, 617], [616, 623], [623, 625], [623, 648], [626, 627], [626, 633], [628, 629], [628, 630], [630, 635], [639, 640], [639, 646], [641, 642], [641, 643], [643, 623], [651, 652], [651, 692], [655, 656], [655, 662], [662, 664], [662, 689], [666, 667], [666, 671], [667, 666], [667, 668], [671, 672], [671, 675], [680, 681], [682, 683], [682, 684], [684, 662], [692, 714], [719, 756], [756, 757], [756, 763], [767, 768], [767, 798], [798, 799], [798, 800], [800, 801], [800, 809], [809, 810], [809, 813], [816, 817], [816, 858], [825, 826], [826, 827], [826, 848], [827, 826], [827, 829], [839, 840], [844, 845]], "missing_branches": [[543, 537], [545, 561], [554, 555], [555, 554], [555, 556], [563, 564], [601, 602], [630, 631], [643, 644], [680, 687], [684, 685], [692, 693], [696, 697], [696, 703], [703, 704], [703, 711], [719, 720], [720, 721], [720, 749], [725, 726], [725, 732], [727, 725], [727, 728], [745, 746], [745, 756], [777, 778], [777, 779], [779, 780], [779, 786], [786, 787], [786, 789], [825, 848], [839, 841], [844, 827]]}}}, "pyguard/git_hooks_cli.py": {"executed_lines": [1, 3, 4, 5, 7, 8, 11, 13, 15, 20, 26, 29, 30, 36, 39, 47, 48, 54, 62, 63, 71, 74, 80, 88, 89, 95, 102, 104, 105, 106, 108, 109, 112, 113, 114, 115, 116, 117, 119, 120, 121, 122, 123, 125, 126, 127, 128, 129, 131, 132, 134, 135, 136, 137, 139, 140, 141, 142, 143, 148, 150, 151, 152, 153, 154, 156, 161, 163, 164, 165, 166, 167, 169, 170, 173], "summary": {"covered_lines": 73, "num_statements": 73, "percent_covered": 98.96907216494846, "percent_covered_display": "99", "missing_lines": 0, "excluded_lines": 2, "num_branches": 24, "num_partial_branches": 1, "covered_branches": 23, "missing_branches": 1}, "missing_lines": [], "excluded_lines": [173, 174], "executed_branches": [[104, 105], [104, 108], [112, 113], [112, 125], [115, 116], [115, 119], [125, 126], [125, 134], [127, 128], [127, 131], [134, 135], [134, 150], [136, 137], [136, 139], [140, 141], [140, 148], [150, 151], [150, 163], [152, 153], [152, 156], [163, 164], [165, 166], [165, 169]], "missing_branches": [[163, -11]], "functions": {"main": {"executed_lines": [13, 15, 20, 26, 29, 30, 36, 39, 47, 48, 54, 62, 63, 71, 74, 80, 88, 89, 95, 102, 104, 105, 106, 108, 109, 112, 113, 114, 115, 116, 117, 119, 120, 121, 122, 123, 125, 126, 127, 128, 129, 131, 132, 134, 135, 136, 137, 139, 140, 141, 142, 143, 148, 150, 151, 152, 153, 154, 156, 161, 163, 164, 165, 166, 167, 169, 170], "summary": {"covered_lines": 67, "num_statements": 67, "percent_covered": 98.9010989010989, "percent_covered_display": "99", "missing_lines": 0, "excluded_lines": 0, "num_branches": 24, "num_partial_branches": 1, "covered_branches": 23, "missing_branches": 1}, "missing_lines": [], "excluded_lines": [], "executed_branches": [[104, 105], [104, 108], [112, 113], [112, 125], [115, 116], [115, 119], [125, 126], [125, 134], [127, 128], [127, 131], [134, 135], [134, 150], [136, 137], [136, 139], [140, 141], [140, 148], [150, 151], [150, 163], [152, 153], [152, 156], [163, 164], [165, 166], [165, 169]], "missing_branches": [[163, -11]]}, "": {"executed_lines": [1, 3, 4, 5, 7, 8, 11, 173], "summary": {"covered_lines": 6, "num_statements": 6, "percent_covered": 100.0, "percent_covered_display": "100", "missing_lines": 0, "excluded_lines": 2, "num_branches": 0, "num_partial_branches": 0, "covered_branches": 0, "missing_branches": 0}, "missing_lines": [], "excluded_lines": [173, 174], "executed_branches": [], "missing_branches": []}}, "classes": {"": {"executed_lines": [1, 3, 4, 5, 7, 8, 11, 13, 15, 20, 26, 29, 30, 36, 39, 47, 48, 54, 62, 63, 71, 74, 80, 88, 89, 95, 102, 104, 105, 106, 108, 109, 112, 113, 114, 115, 116, 117, 119, 120, 121, 122, 123, 125, 126, 127, 128, 129, 131, 132, 134, 135, 136, 137, 139, 140, 141, 142, 143, 148, 150, 151, 152, 153, 154, 156, 161, 163, 164, 165, 166, 167, 169, 170, 173], "summary": {"covered_lines": 73, "num_statements": 73, "percent_covered": 98.96907216494846, "percent_covered_display": "99", "missing_lines": 0, "excluded_lines": 2, "num_branches": 24, "num_partial_branches": 1, "covered_branches": 23, "missing_branches": 1}, "missing_lines": [], "excluded_lines": [173, 174], "executed_branches": [[104, 105], [104, 108], [112, 113], [112, 125], [115, 116], [115, 119], [125, 126], [125, 134], [127, 128], [127, 131], [134, 135], [134, 150], [136, 137], [136, 139], [140, 141], [140, 148], [150, 151], [150, 163], [152, 153], [152, 156], [163, 164], [165, 166], [165, 169]], "missing_branches": [[163, -11]]}}}, "pyguard/lib/__init__.py": {"executed_lines": [1, 3, 10, 11, 12, 13, 14, 15, 16, 17, 18, 23, 24, 29, 34, 35, 36, 37, 38, 46, 47, 52, 53, 54, 57, 66, 72, 75, 76, 79, 80, 83, 84, 90, 91, 92, 101, 106, 109, 112, 123], "summary": {"covered_lines": 40, "num_statements": 40, "percent_covered": 100.0, "percent_covered_display": "100", "missing_lines": 0, "excluded_lines": 0, "num_branches": 0, "num_partial_branches": 0, "covered_branches": 0, "missing_branches": 0}, "missing_lines": [], "excluded_lines": [], "executed_branches": [], "missing_branches": [], "functions": {"": {"executed_lines": [1, 3, 10, 11, 12, 13, 14, 15, 16, 17, 18, 23, 24, 29, 34, 35, 36, 37, 38, 46, 47, 52, 53, 54, 57, 66, 72, 75, 76, 79, 80, 83, 84, 90, 91, 92, 101, 106, 109, 112, 123], "summary": {"covered_lines": 40, "num_statements": 40, "percent_covered": 100.0, "percent_covered_display": "100", "missing_lines": 0, "excluded_lines": 0, "num_branches": 0, "num_partial_branches": 0, "covered_branches": 0, "missing_branches": 0}, "missing_lines": [], "excluded_lines": [], "executed_branches": [], "missing_branches": []}}, "classes": {"": {"executed_lines": [1, 3, 10, 11, 12, 13, 14, 15, 16, 17, 18, 23, 24, 29, 34, 35, 36, 37, 38, 46, 47, 52, 53, 54, 57, 66, 72, 75, 76, 79, 80, 83, 84, 90, 91, 92, 101, 106, 109, 112, 123], "summary": {"covered_lines": 40, "num_statements": 40, "percent_covered": 100.0, "percent_covered_display": "100", "missing_lines": 0, "excluded_lines": 0, "num_branches": 0, "num_partial_branches": 0, "covered_branches": 0, "missing_branches": 0}, "missing_lines": [], "excluded_lines": [], "executed_branches": [], "missing_branches": []}}}, "pyguard/lib/advanced_security.py": {"executed_lines": [1, 20, 21, 22, 23, 24, 26, 27, 30, 31, 32, 34, 35, 36, 37, 40, 41, 51, 64, 74, 76, 77, 78, 80, 82, 83, 84, 86, 88, 89, 92, 93, 95, 96, 97, 104, 106, 108, 111, 113, 114, 115, 116, 130, 132, 134, 135, 136, 137, 138, 139, 140, 141, 142, 143, 144, 148, 149, 161, 169, 171, 173, 177, 178, 179, 190, 193, 194, 205, 207, 208, 209, 211, 213, 214, 215, 217, 219, 222, 223, 224, 227, 228, 229, 231, 232, 233, 247, 249, 251, 252, 253, 254, 255, 256, 257, 258, 259, 260, 261, 262, 265, 266, 281, 283, 284, 286, 288, 290, 292, 295, 297, 299, 300, 315, 318, 319, 326, 328, 329, 330, 332, 348, 358, 359, 360, 361, 363, 364, 367, 368, 369, 372, 373, 374, 377, 378, 379, 382, 383, 384, 385, 386, 387, 388, 389, 392, 393, 395, 397, 399, 400, 401, 402, 403, 404, 405, 406, 407, 408, 409], "summary": {"covered_lines": 154, "num_statements": 162, "percent_covered": 90.57377049180327, "percent_covered_display": "91", "missing_lines": 8, "excluded_lines": 0, "num_branches": 82, "num_partial_branches": 13, "covered_branches": 67, "missing_branches": 15}, "missing_lines": [145, 289, 301, 342, 343, 344, 346, 410], "excluded_lines": [], "executed_branches": [[82, 83], [82, 84], [88, 89], [88, 104], [92, 93], [92, 104], [93, 92], [93, 95], [95, 92], [95, 96], [96, 97], [111, 113], [111, 130], [113, 114], [113, 130], [114, 115], [134, 135], [134, 136], [136, 137], [139, 140], [139, 142], [142, 143], [177, 178], [177, 190], [178, 177], [178, 179], [213, 214], [213, 215], [222, 223], [222, 227], [223, 224], [223, 227], [227, 228], [227, 247], [228, 229], [228, 247], [231, 232], [231, 247], [232, 231], [232, 233], [251, 252], [251, 253], [253, 254], [253, 262], [256, 257], [256, 259], [259, 260], [288, 290], [295, 297], [297, 299], [297, 315], [300, 315], [382, 383], [382, 395], [383, 382], [383, 384], [385, 382], [385, 386], [386, 387], [388, 389], [392, 393], [399, 400], [399, 401], [401, 402], [404, 405], [404, 407], [407, 408]], "missing_branches": [[96, 95], [114, 113], [136, 145], [142, 144], [259, 261], [288, 289], [295, 315], [300, 301], [343, 344], [343, 346], [386, 382], [388, 382], [392, 382], [401, 410], [407, 409]], "functions": {"TaintAnalyzer.__init__": {"executed_lines": [76, 77, 78], "summary": {"covered_lines": 3, "num_statements": 3, "percent_covered": 100.0, "percent_covered_display": "100", "missing_lines": 0, "excluded_lines": 0, "num_branches": 0, "num_partial_branches": 0, "covered_branches": 0, "missing_branches": 0}, "missing_lines": [], "excluded_lines": [], "executed_branches": [], "missing_branches": []}, "TaintAnalyzer._get_code_snippet": {"executed_lines": [82, 83, 84], "summary": {"covered_lines": 3, "num_statements": 3, "percent_covered": 100.0, "percent_covered_display": "100", "missing_lines": 0, "excluded_lines": 0, "num_branches": 2, "num_partial_branches": 0, "covered_branches": 2, "missing_branches": 0}, "missing_lines": [], "excluded_lines": [], "executed_branches": [[82, 83], [82, 84]], "missing_branches": []}, "TaintAnalyzer.visit_Assign": {"executed_lines": [88, 89, 92, 93, 95, 96, 97, 104], "summary": {"covered_lines": 8, "num_statements": 8, "percent_covered": 94.44444444444444, "percent_covered_display": "94", "missing_lines": 0, "excluded_lines": 0, "num_branches": 10, "num_partial_branches": 1, "covered_branches": 9, "missing_branches": 1}, "missing_lines": [], "excluded_lines": [], "executed_branches": [[88, 89], [88, 104], [92, 93], [92, 104], [93, 92], [93, 95], [95, 92], [95, 96], [96, 97]], "missing_branches": [[96, 95]]}, "TaintAnalyzer.visit_Call": {"executed_lines": [108, 111, 113, 114, 115, 116, 130], "summary": {"covered_lines": 7, "num_statements": 7, "percent_covered": 92.3076923076923, "percent_covered_display": "92", "missing_lines": 0, "excluded_lines": 0, "num_branches": 6, "num_partial_branches": 1, "covered_branches": 5, "missing_branches": 1}, "missing_lines": [], "excluded_lines": [], "executed_branches": [[111, 113], [111, 130], [113, 114], [113, 130], [114, 115]], "missing_branches": [[114, 113]]}, "TaintAnalyzer._get_call_name": {"executed_lines": [134, 135, 136, 137, 138, 139, 140, 141, 142, 143, 144], "summary": {"covered_lines": 11, "num_statements": 12, "percent_covered": 85.0, "percent_covered_display": "85", "missing_lines": 1, "excluded_lines": 0, "num_branches": 8, "num_partial_branches": 2, "covered_branches": 6, "missing_branches": 2}, "missing_lines": [145], "excluded_lines": [], "executed_branches": [[134, 135], [134, 136], [136, 137], [139, 140], [139, 142], [142, 143]], "missing_branches": [[136, 145], [142, 144]]}, "ReDoSDetector.__init__": {"executed_lines": [171], "summary": {"covered_lines": 1, "num_statements": 1, "percent_covered": 100.0, "percent_covered_display": "100", "missing_lines": 0, "excluded_lines": 0, "num_branches": 0, "num_partial_branches": 0, "covered_branches": 0, "missing_branches": 0}, "missing_lines": [], "excluded_lines": [], "executed_branches": [], "missing_branches": []}, "ReDoSDetector.analyze_regex": {"executed_lines": [177, 178, 179, 190], "summary": {"covered_lines": 4, "num_statements": 4, "percent_covered": 100.0, "percent_covered_display": "100", "missing_lines": 0, "excluded_lines": 0, "num_branches": 4, "num_partial_branches": 0, "covered_branches": 4, "missing_branches": 0}, "missing_lines": [], "excluded_lines": [], "executed_branches": [[177, 178], [177, 190], [178, 177], [178, 179]], "missing_branches": []}, "RaceConditionDetector.__init__": {"executed_lines": [207, 208, 209], "summary": {"covered_lines": 3, "num_statements": 3, "percent_covered": 100.0, "percent_covered_display": "100", "missing_lines": 0, "excluded_lines": 0, "num_branches": 0, "num_partial_branches": 0, "covered_branches": 0, "missing_branches": 0}, "missing_lines": [], "excluded_lines": [], "executed_branches": [], "missing_branches": []}, "RaceConditionDetector._get_code_snippet": {"executed_lines": [213, 214, 215], "summary": {"covered_lines": 3, "num_statements": 3, "percent_covered": 100.0, "percent_covered_display": "100", "missing_lines": 0, "excluded_lines": 0, "num_branches": 2, "num_partial_branches": 0, "covered_branches": 2, "missing_branches": 0}, "missing_lines": [], "excluded_lines": [], "executed_branches": [[213, 214], [213, 215]], "missing_branches": []}, "RaceConditionDetector.visit_Call": {"executed_lines": [219, 222, 223, 224, 227, 228, 229, 231, 232, 233, 247], "summary": {"covered_lines": 11, "num_statements": 11, "percent_covered": 100.0, "percent_covered_display": "100", "missing_lines": 0, "excluded_lines": 0, "num_branches": 12, "num_partial_branches": 0, "covered_branches": 12, "missing_branches": 0}, "missing_lines": [], "excluded_lines": [], "executed_branches": [[222, 223], [222, 227], [223, 224], [223, 227], [227, 228], [227, 247], [228, 229], [228, 247], [231, 232], [231, 247], [232, 231], [232, 233]], "missing_branches": []}, "RaceConditionDetector._get_call_name": {"executed_lines": [251, 252, 253, 254, 255, 256, 257, 258, 259, 260, 261, 262], "summary": {"covered_lines": 12, "num_statements": 12, "percent_covered": 95.0, "percent_covered_display": "95", "missing_lines": 0, "excluded_lines": 0, "num_branches": 8, "num_partial_branches": 1, "covered_branches": 7, "missing_branches": 1}, "missing_lines": [], "excluded_lines": [], "executed_branches": [[251, 252], [251, 253], [253, 254], [253, 262], [256, 257], [256, 259], [259, 260]], "missing_branches": [[259, 261]]}, "IntegerSecurityAnalyzer.__init__": {"executed_lines": [283, 284], "summary": {"covered_lines": 2, "num_statements": 2, "percent_covered": 100.0, "percent_covered_display": "100", "missing_lines": 0, "excluded_lines": 0, "num_branches": 0, "num_partial_branches": 0, "covered_branches": 0, "missing_branches": 0}, "missing_lines": [], "excluded_lines": [], "executed_branches": [], "missing_branches": []}, "IntegerSecurityAnalyzer._get_code_snippet": {"executed_lines": [288, 290], "summary": {"covered_lines": 2, "num_statements": 3, "percent_covered": 60.0, "percent_covered_display": "60", "missing_lines": 1, "excluded_lines": 0, "num_branches": 2, "num_partial_branches": 1, "covered_branches": 1, "missing_branches": 1}, "missing_lines": [289], "excluded_lines": [], "executed_branches": [[288, 290]], "missing_branches": [[288, 289]]}, "IntegerSecurityAnalyzer.visit_BinOp": {"executed_lines": [295, 297, 299, 300, 315], "summary": {"covered_lines": 5, "num_statements": 6, "percent_covered": 75.0, "percent_covered_display": "75", "missing_lines": 1, "excluded_lines": 0, "num_branches": 6, "num_partial_branches": 2, "covered_branches": 4, "missing_branches": 2}, "missing_lines": [301], "excluded_lines": [], "executed_branches": [[295, 297], [297, 299], [297, 315], [300, 315]], "missing_branches": [[295, 315], [300, 301]]}, "AdvancedSecurityAnalyzer.__init__": {"executed_lines": [328, 329, 330], "summary": {"covered_lines": 3, "num_statements": 3, "percent_covered": 100.0, "percent_covered_display": "100", "missing_lines": 0, "excluded_lines": 0, "num_branches": 0, "num_partial_branches": 0, "covered_branches": 0, "missing_branches": 0}, "missing_lines": [], "excluded_lines": [], "executed_branches": [], "missing_branches": []}, "AdvancedSecurityAnalyzer.analyze_file": {"executed_lines": [], "summary": {"covered_lines": 0, "num_statements": 4, "percent_covered": 0.0, "percent_covered_display": "0", "missing_lines": 4, "excluded_lines": 0, "num_branches": 2, "num_partial_branches": 0, "covered_branches": 0, "missing_branches": 2}, "missing_lines": [342, 343, 344, 346], "excluded_lines": [], "executed_branches": [], "missing_branches": [[343, 344], [343, 346]]}, "AdvancedSecurityAnalyzer.analyze_code": {"executed_lines": [358, 359, 360, 361, 363, 364, 367, 368, 369, 372, 373, 374, 377, 378, 379, 382, 383, 384, 385, 386, 387, 388, 389, 392, 393, 395], "summary": {"covered_lines": 26, "num_statements": 26, "percent_covered": 92.10526315789474, "percent_covered_display": "92", "missing_lines": 0, "excluded_lines": 0, "num_branches": 12, "num_partial_branches": 3, "covered_branches": 9, "missing_branches": 3}, "missing_lines": [], "excluded_lines": [], "executed_branches": [[382, 383], [382, 395], [383, 382], [383, 384], [385, 382], [385, 386], [386, 387], [388, 389], [392, 393]], "missing_branches": [[386, 382], [388, 382], [392, 382]]}, "AdvancedSecurityAnalyzer._get_call_name": {"executed_lines": [399, 400, 401, 402, 403, 404, 405, 406, 407, 408, 409], "summary": {"covered_lines": 11, "num_statements": 12, "percent_covered": 85.0, "percent_covered_display": "85", "missing_lines": 1, "excluded_lines": 0, "num_branches": 8, "num_partial_branches": 2, "covered_branches": 6, "missing_branches": 2}, "missing_lines": [410], "excluded_lines": [], "executed_branches": [[399, 400], [399, 401], [401, 402], [404, 405], [404, 407], [407, 408]], "missing_branches": [[401, 410], [407, 409]]}, "": {"executed_lines": [1, 20, 21, 22, 23, 24, 26, 27, 30, 31, 32, 34, 35, 36, 37, 40, 41, 51, 64, 74, 80, 86, 106, 132, 148, 149, 161, 169, 173, 193, 194, 205, 211, 217, 249, 265, 266, 281, 286, 292, 318, 319, 326, 332, 348, 397], "summary": {"covered_lines": 39, "num_statements": 39, "percent_covered": 100.0, "percent_covered_display": "100", "missing_lines": 0, "excluded_lines": 0, "num_branches": 0, "num_partial_branches": 0, "covered_branches": 0, "missing_branches": 0}, "missing_lines": [], "excluded_lines": [], "executed_branches": [], "missing_branches": []}}, "classes": {"TaintedVariable": {"executed_lines": [], "summary": {"covered_lines": 0, "num_statements": 0, "percent_covered": 100.0, "percent_covered_display": "100", "missing_lines": 0, "excluded_lines": 0, "num_branches": 0, "num_partial_branches": 0, "covered_branches": 0, "missing_branches": 0}, "missing_lines": [], "excluded_lines": [], "executed_branches": [], "missing_branches": []}, "TaintAnalyzer": {"executed_lines": [76, 77, 78, 82, 83, 84, 88, 89, 92, 93, 95, 96, 97, 104, 108, 111, 113, 114, 115, 116, 130, 134, 135, 136, 137, 138, 139, 140, 141, 142, 143, 144], "summary": {"covered_lines": 32, "num_statements": 33, "percent_covered": 91.52542372881356, "percent_covered_display": "92", "missing_lines": 1, "excluded_lines": 0, "num_branches": 26, "num_partial_branches": 4, "covered_branches": 22, "missing_branches": 4}, "missing_lines": [145], "excluded_lines": [], "executed_branches": [[82, 83], [82, 84], [88, 89], [88, 104], [92, 93], [92, 104], [93, 92], [93, 95], [95, 92], [95, 96], [96, 97], [111, 113], [111, 130], [113, 114], [113, 130], [114, 115], [134, 135], [134, 136], [136, 137], [139, 140], [139, 142], [142, 143]], "missing_branches": [[96, 95], [114, 113], [136, 145], [142, 144]]}, "ReDoSDetector": {"executed_lines": [171, 177, 178, 179, 190], "summary": {"covered_lines": 5, "num_statements": 5, "percent_covered": 100.0, "percent_covered_display": "100", "missing_lines": 0, "excluded_lines": 0, "num_branches": 4, "num_partial_branches": 0, "covered_branches": 4, "missing_branches": 0}, "missing_lines": [], "excluded_lines": [], "executed_branches": [[177, 178], [177, 190], [178, 177], [178, 179]], "missing_branches": []}, "RaceConditionDetector": {"executed_lines": [207, 208, 209, 213, 214, 215, 219, 222, 223, 224, 227, 228, 229, 231, 232, 233, 247, 251, 252, 253, 254, 255, 256, 257, 258, 259, 260, 261, 262], "summary": {"covered_lines": 29, "num_statements": 29, "percent_covered": 98.03921568627452, "percent_covered_display": "98", "missing_lines": 0, "excluded_lines": 0, "num_branches": 22, "num_partial_branches": 1, "covered_branches": 21, "missing_branches": 1}, "missing_lines": [], "excluded_lines": [], "executed_branches": [[213, 214], [213, 215], [222, 223], [222, 227], [223, 224], [223, 227], [227, 228], [227, 247], [228, 229], [228, 247], [231, 232], [231, 247], [232, 231], [232, 233], [251, 252], [251, 253], [253, 254], [253, 262], [256, 257], [256, 259], [259, 260]], "missing_branches": [[259, 261]]}, "IntegerSecurityAnalyzer": {"executed_lines": [283, 284, 288, 290, 295, 297, 299, 300, 315], "summary": {"covered_lines": 9, "num_statements": 11, "percent_covered": 73.6842105263158, "percent_covered_display": "74", "missing_lines": 2, "excluded_lines": 0, "num_branches": 8, "num_partial_branches": 3, "covered_branches": 5, "missing_branches": 3}, "missing_lines": [289, 301], "excluded_lines": [], "executed_branches": [[288, 290], [295, 297], [297, 299], [297, 315], [300, 315]], "missing_branches": [[288, 289], [295, 315], [300, 301]]}, "AdvancedSecurityAnalyzer": {"executed_lines": [328, 329, 330, 358, 359, 360, 361, 363, 364, 367, 368, 369, 372, 373, 374, 377, 378, 379, 382, 383, 384, 385, 386, 387, 388, 389, 392, 393, 395, 399, 400, 401, 402, 403, 404, 405, 406, 407, 408, 409], "summary": {"covered_lines": 40, "num_statements": 45, "percent_covered": 82.08955223880596, "percent_covered_display": "82", "missing_lines": 5, "excluded_lines": 0, "num_branches": 22, "num_partial_branches": 5, "covered_branches": 15, "missing_branches": 7}, "missing_lines": [342, 343, 344, 346, 410], "excluded_lines": [], "executed_branches": [[382, 383], [382, 395], [383, 382], [383, 384], [385, 382], [385, 386], [386, 387], [388, 389], [392, 393], [399, 400], [399, 401], [401, 402], [404, 405], [404, 407], [407, 408]], "missing_branches": [[343, 344], [343, 346], [386, 382], [388, 382], [392, 382], [401, 410], [407, 409]]}, "": {"executed_lines": [1, 20, 21, 22, 23, 24, 26, 27, 30, 31, 32, 34, 35, 36, 37, 40, 41, 51, 64, 74, 80, 86, 106, 132, 148, 149, 161, 169, 173, 193, 194, 205, 211, 217, 249, 265, 266, 281, 286, 292, 318, 319, 326, 332, 348, 397], "summary": {"covered_lines": 39, "num_statements": 39, "percent_covered": 100.0, "percent_covered_display": "100", "missing_lines": 0, "excluded_lines": 0, "num_branches": 0, "num_partial_branches": 0, "covered_branches": 0, "missing_branches": 0}, "missing_lines": [], "excluded_lines": [], "executed_branches": [], "missing_branches": []}}}, "pyguard/lib/ai_explainer.py": {"executed_lines": [1, 15, 16, 18, 21, 22, 23, 25, 26, 27, 28, 29, 30, 31, 32, 33, 34, 35, 36, 39, 40, 41, 43, 44, 45, 46, 47, 48, 49, 50, 53, 54, 62, 370, 372, 374, 387, 389, 391, 393, 395, 413, 416, 420, 422, 426, 428, 442, 444, 446, 448, 451, 459, 460, 462, 464, 472, 519, 530, 541, 551, 553, 554, 556, 572, 574, 599, 615, 626, 627], "summary": {"covered_lines": 66, "num_statements": 66, "percent_covered": 100.0, "percent_covered_display": "100", "missing_lines": 0, "excluded_lines": 0, "num_branches": 10, "num_partial_branches": 0, "covered_branches": 10, "missing_branches": 0}, "missing_lines": [], "excluded_lines": [], "executed_branches": [[389, 391], [389, 393], [426, 428], [426, 442], [442, 444], [442, 446], [459, 460], [459, 462], [553, 554], [553, 556]], "missing_branches": [], "functions": {"AIExplainer.__init__": {"executed_lines": [372], "summary": {"covered_lines": 1, "num_statements": 1, "percent_covered": 100.0, "percent_covered_display": "100", "missing_lines": 0, "excluded_lines": 0, "num_branches": 0, "num_partial_branches": 0, "covered_branches": 0, "missing_branches": 0}, "missing_lines": [], "excluded_lines": [], "executed_branches": [], "missing_branches": []}, "AIExplainer.explain_vulnerability": {"executed_lines": [387, 389, 391, 393], "summary": {"covered_lines": 4, "num_statements": 4, "percent_covered": 100.0, "percent_covered_display": "100", "missing_lines": 0, "excluded_lines": 0, "num_branches": 2, "num_partial_branches": 0, "covered_branches": 2, "missing_branches": 0}, "missing_lines": [], "excluded_lines": [], "executed_branches": [[389, 391], [389, 393]], "missing_branches": []}, "AIExplainer.explain_fix": {"executed_lines": [413, 416, 420], "summary": {"covered_lines": 3, "num_statements": 3, "percent_covered": 100.0, "percent_covered_display": "100", "missing_lines": 0, "excluded_lines": 0, "num_branches": 0, "num_partial_branches": 0, "covered_branches": 0, "missing_branches": 0}, "missing_lines": [], "excluded_lines": [], "executed_branches": [], "missing_branches": []}, "AIExplainer._adjust_explanation_level": {"executed_lines": [426, 428, 442, 444, 446], "summary": {"covered_lines": 5, "num_statements": 5, "percent_covered": 100.0, "percent_covered_display": "100", "missing_lines": 0, "excluded_lines": 0, "num_branches": 4, "num_partial_branches": 0, "covered_branches": 4, "missing_branches": 0}, "missing_lines": [], "excluded_lines": [], "executed_branches": [[426, 428], [426, 442], [442, 444], [442, 446]], "missing_branches": []}, "AIExplainer._simplify_text": {"executed_lines": [451, 459, 460, 462], "summary": {"covered_lines": 4, "num_statements": 4, "percent_covered": 100.0, "percent_covered_display": "100", "missing_lines": 0, "excluded_lines": 0, "num_branches": 2, "num_partial_branches": 0, "covered_branches": 2, "missing_branches": 0}, "missing_lines": [], "excluded_lines": [], "executed_branches": [[459, 460], [459, 462]], "missing_branches": []}, "AIExplainer._generate_fix_rationale": {"executed_lines": [472, 519, 530], "summary": {"covered_lines": 3, "num_statements": 3, "percent_covered": 100.0, "percent_covered_display": "100", "missing_lines": 0, "excluded_lines": 0, "num_branches": 0, "num_partial_branches": 0, "covered_branches": 0, "missing_branches": 0}, "missing_lines": [], "excluded_lines": [], "executed_branches": [], "missing_branches": []}, "AIExplainer.generate_learning_content": {"executed_lines": [551, 553, 554, 556], "summary": {"covered_lines": 4, "num_statements": 4, "percent_covered": 100.0, "percent_covered_display": "100", "missing_lines": 0, "excluded_lines": 0, "num_branches": 2, "num_partial_branches": 0, "covered_branches": 2, "missing_branches": 0}, "missing_lines": [], "excluded_lines": [], "executed_branches": [[553, 554], [553, 556]], "missing_branches": []}, "AIExplainer._generate_quiz_question": {"executed_lines": [574, 599], "summary": {"covered_lines": 2, "num_statements": 2, "percent_covered": 100.0, "percent_covered_display": "100", "missing_lines": 0, "excluded_lines": 0, "num_branches": 0, "num_partial_branches": 0, "covered_branches": 0, "missing_branches": 0}, "missing_lines": [], "excluded_lines": [], "executed_branches": [], "missing_branches": []}, "explain": {"executed_lines": [626, 627], "summary": {"covered_lines": 2, "num_statements": 2, "percent_covered": 100.0, "percent_covered_display": "100", "missing_lines": 0, "excluded_lines": 0, "num_branches": 0, "num_partial_branches": 0, "covered_branches": 0, "missing_branches": 0}, "missing_lines": [], "excluded_lines": [], "executed_branches": [], "missing_branches": []}, "": {"executed_lines": [1, 15, 16, 18, 21, 22, 23, 25, 26, 27, 28, 29, 30, 31, 32, 33, 34, 35, 36, 39, 40, 41, 43, 44, 45, 46, 47, 48, 49, 50, 53, 54, 62, 370, 374, 395, 422, 448, 464, 541, 572, 615], "summary": {"covered_lines": 38, "num_statements": 38, "percent_covered": 100.0, "percent_covered_display": "100", "missing_lines": 0, "excluded_lines": 0, "num_branches": 0, "num_partial_branches": 0, "covered_branches": 0, "missing_branches": 0}, "missing_lines": [], "excluded_lines": [], "executed_branches": [], "missing_branches": []}}, "classes": {"SecurityExplanation": {"executed_lines": [], "summary": {"covered_lines": 0, "num_statements": 0, "percent_covered": 100.0, "percent_covered_display": "100", "missing_lines": 0, "excluded_lines": 0, "num_branches": 0, "num_partial_branches": 0, "covered_branches": 0, "missing_branches": 0}, "missing_lines": [], "excluded_lines": [], "executed_branches": [], "missing_branches": []}, "FixRationale": {"executed_lines": [], "summary": {"covered_lines": 0, "num_statements": 0, "percent_covered": 100.0, "percent_covered_display": "100", "missing_lines": 0, "excluded_lines": 0, "num_branches": 0, "num_partial_branches": 0, "covered_branches": 0, "missing_branches": 0}, "missing_lines": [], "excluded_lines": [], "executed_branches": [], "missing_branches": []}, "AIExplainer": {"executed_lines": [372, 387, 389, 391, 393, 413, 416, 420, 426, 428, 442, 444, 446, 451, 459, 460, 462, 472, 519, 530, 551, 553, 554, 556, 574, 599], "summary": {"covered_lines": 26, "num_statements": 26, "percent_covered": 100.0, "percent_covered_display": "100", "missing_lines": 0, "excluded_lines": 0, "num_branches": 10, "num_partial_branches": 0, "covered_branches": 10, "missing_branches": 0}, "missing_lines": [], "excluded_lines": [], "executed_branches": [[389, 391], [389, 393], [426, 428], [426, 442], [442, 444], [442, 446], [459, 460], [459, 462], [553, 554], [553, 556]], "missing_branches": []}, "": {"executed_lines": [1, 15, 16, 18, 21, 22, 23, 25, 26, 27, 28, 29, 30, 31, 32, 33, 34, 35, 36, 39, 40, 41, 43, 44, 45, 46, 47, 48, 49, 50, 53, 54, 62, 370, 374, 395, 422, 448, 464, 541, 572, 615, 626, 627], "summary": {"covered_lines": 40, "num_statements": 40, "percent_covered": 100.0, "percent_covered_display": "100", "missing_lines": 0, "excluded_lines": 0, "num_branches": 0, "num_partial_branches": 0, "covered_branches": 0, "missing_branches": 0}, "missing_lines": [], "excluded_lines": [], "executed_branches": [], "missing_branches": []}}}, "pyguard/lib/ast_analyzer.py": {"executed_lines": [1, 13, 14, 15, 16, 17, 19, 22, 23, 24, 26, 27, 28, 29, 30, 31, 32, 33, 34, 37, 38, 39, 41, 42, 43, 44, 45, 46, 47, 50, 51, 57, 59, 60, 61, 62, 64, 66, 67, 69, 71, 72, 75, 85, 88, 91, 93, 94, 96, 97, 100, 101, 103, 104, 106, 107, 109, 111, 113, 116, 117, 133, 134, 150, 151, 167, 168, 169, 170, 186, 187, 188, 204, 206, 207, 223, 224, 243, 251, 260, 276, 284, 285, 301, 303, 304, 305, 306, 320, 323, 324, 340, 359, 380, 399, 418, 440, 442, 443, 459, 468, 484, 508, 517, 533, 535, 537, 538, 539, 542, 565, 567, 568, 569, 577, 588, 589, 590, 594, 609, 611, 633, 636, 653, 654, 655, 656, 657, 671, 673, 675, 677, 678, 679, 680, 681, 682, 683, 684, 685, 686, 687, 690, 692, 693, 696, 699, 702, 703, 704, 706, 708, 709, 710, 713, 714, 720, 722, 723, 724, 726, 729, 730, 731, 733, 735, 736, 739, 749, 752, 755, 757, 760, 761, 764, 765, 767, 768, 773, 775, 778, 779, 780, 794, 795, 796, 810, 811, 812, 826, 827, 829, 830, 831, 845, 846, 847, 848, 861, 863, 882, 885, 886, 887, 888, 889, 903, 904, 905, 918, 920, 922, 925, 927, 940, 942, 945, 946, 960, 962, 965, 966, 979, 981, 983, 984, 985, 986, 989, 992, 994, 995, 996, 1009, 1011, 1018, 1020, 1021, 1022, 1023, 1025, 1028, 1030, 1032, 1038, 1041, 1042, 1051, 1053, 1054, 1056, 1066, 1067, 1068, 1070, 1072, 1082, 1083, 1084, 1087, 1088, 1091, 1092, 1094, 1096, 1097, 1100, 1105, 1115, 1116, 1117, 1119, 1120, 1122], "summary": {"covered_lines": 268, "num_statements": 318, "percent_covered": 77.39463601532567, "percent_covered_display": "77", "missing_lines": 50, "excluded_lines": 0, "num_branches": 204, "num_partial_branches": 44, "covered_branches": 136, "missing_branches": 68}, "missing_lines": [73, 86, 225, 226, 227, 245, 246, 248, 342, 343, 361, 362, 363, 364, 382, 383, 401, 402, 419, 421, 424, 491, 492, 518, 591, 592, 614, 615, 616, 631, 637, 688, 697, 737, 750, 758, 770, 771, 866, 867, 880, 987, 1024, 1026, 1037, 1101, 1102, 1103, 1124, 1125], "excluded_lines": [], "executed_branches": [[66, -64], [66, 67], [71, 72], [85, 88], [91, 93], [91, 100], [93, 94], [93, 96], [96, 97], [96, 100], [100, 101], [100, 109], [103, 104], [103, 106], [106, 107], [116, 117], [116, 133], [133, 134], [133, 150], [150, 151], [150, 167], [167, 168], [167, 186], [169, 170], [186, 187], [186, 204], [204, 206], [204, 223], [206, 207], [223, 224], [223, 243], [224, 243], [243, 251], [251, 260], [251, 276], [276, 284], [276, 301], [284, 285], [301, 303], [301, 323], [303, 304], [304, 305], [305, 306], [323, 324], [323, 340], [340, 359], [359, 380], [380, 399], [399, 418], [418, 440], [440, 442], [440, 459], [442, 443], [459, 468], [459, 484], [484, 508], [508, 517], [508, 533], [517, 533], [537, 538], [537, 609], [538, 539], [565, 537], [565, 567], [567, 537], [567, 568], [569, 577], [589, 590], [589, 594], [590, 589], [636, 653], [654, 655], [654, 673], [655, 656], [656, 657], [677, 678], [677, 679], [679, 680], [682, 683], [682, 685], [685, 686], [685, 687], [692, 693], [693, 696], [730, 731], [735, 736], [749, 752], [755, 757], [755, 764], [757, 760], [760, 761], [764, 765], [764, 773], [767, 768], [778, 779], [778, 794], [779, 780], [779, 794], [795, 796], [795, 810], [810, 811], [810, 826], [811, 812], [829, 830], [829, 845], [846, 847], [846, 861], [885, 886], [885, 918], [886, 887], [886, 903], [887, 888], [903, 885], [903, 904], [904, 905], [925, 927], [925, 940], [945, 946], [945, 960], [960, 962], [965, 966], [983, 984], [983, 985], [985, 986], [992, 994], [992, 1009], [995, 996], [1020, 1021], [1020, 1028], [1021, 1022], [1021, 1023], [1023, 1025], [1025, 1020], [1032, 1038], [1067, 1068], [1067, 1070]], "missing_branches": [[71, 73], [85, 86], [106, 109], [169, 186], [206, 223], [224, 225], [226, 227], [226, 243], [243, 245], [246, 248], [246, 251], [284, 301], [303, 323], [304, 323], [305, 304], [340, 342], [342, 343], [342, 359], [359, 361], [362, 363], [362, 380], [363, 364], [363, 380], [380, 382], [382, 383], [382, 399], [399, 401], [401, 402], [401, 418], [418, 419], [421, 424], [421, 440], [442, 459], [484, 491], [491, 492], [491, 508], [517, 518], [538, 537], [569, 537], [590, 591], [615, 616], [615, 631], [636, 637], [655, 673], [656, 655], [679, 688], [692, 697], [693, 692], [730, -726], [735, 737], [749, 750], [757, 758], [760, 764], [767, 770], [770, 771], [770, 773], [811, 810], [866, 867], [866, 880], [887, 903], [904, 885], [960, 979], [965, 979], [985, 987], [995, 1009], [1023, 1024], [1025, 1026], [1032, 1037]], "functions": {"SecurityVisitor.__init__": {"executed_lines": [59, 60, 61, 62], "summary": {"covered_lines": 4, "num_statements": 4, "percent_covered": 100.0, "percent_covered_display": "100", "missing_lines": 0, "excluded_lines": 0, "num_branches": 0, "num_partial_branches": 0, "covered_branches": 0, "missing_branches": 0}, "missing_lines": [], "excluded_lines": [], "executed_branches": [], "missing_branches": []}, "SecurityVisitor._add_issue": {"executed_lines": [66, 67], "summary": {"covered_lines": 2, "num_statements": 2, "percent_covered": 100.0, "percent_covered_display": "100", "missing_lines": 0, "excluded_lines": 0, "num_branches": 2, "num_partial_branches": 0, "covered_branches": 2, "missing_branches": 0}, "missing_lines": [], "excluded_lines": [], "executed_branches": [[66, -64], [66, 67]], "missing_branches": []}, "SecurityVisitor._get_code_snippet": {"executed_lines": [71, 72], "summary": {"covered_lines": 2, "num_statements": 3, "percent_covered": 60.0, "percent_covered_display": "60", "missing_lines": 1, "excluded_lines": 0, "num_branches": 2, "num_partial_branches": 1, "covered_branches": 1, "missing_branches": 1}, "missing_lines": [73], "excluded_lines": [], "executed_branches": [[71, 72]], "missing_branches": [[71, 73]]}, "SecurityVisitor._is_suppressed": {"executed_lines": [85, 88, 91, 93, 94, 96, 97, 100, 101, 103, 104, 106, 107, 109], "summary": {"covered_lines": 14, "num_statements": 15, "percent_covered": 89.65517241379311, "percent_covered_display": "90", "missing_lines": 1, "excluded_lines": 0, "num_branches": 14, "num_partial_branches": 2, "covered_branches": 12, "missing_branches": 2}, "missing_lines": [86], "excluded_lines": [], "executed_branches": [[85, 88], [91, 93], [91, 100], [93, 94], [93, 96], [96, 97], [96, 100], [100, 101], [100, 109], [103, 104], [103, 106], [106, 107]], "missing_branches": [[85, 86], [106, 109]]}, "SecurityVisitor.visit_Call": {"executed_lines": [113, 116, 117, 133, 134, 150, 151, 167, 168, 169, 170, 186, 187, 188, 204, 206, 207, 223, 224, 243, 251, 260, 276, 284, 285, 301, 303, 304, 305, 306, 320, 323, 324, 340, 359, 380, 399, 418, 440, 442, 443, 459, 468, 484, 508, 517, 533], "summary": {"covered_lines": 47, "num_statements": 69, "percent_covered": 61.904761904761905, "percent_covered_display": "62", "missing_lines": 22, "excluded_lines": 0, "num_branches": 78, "num_partial_branches": 16, "covered_branches": 44, "missing_branches": 34}, "missing_lines": [225, 226, 227, 245, 246, 248, 342, 343, 361, 362, 363, 364, 382, 383, 401, 402, 419, 421, 424, 491, 492, 518], "excluded_lines": [], "executed_branches": [[116, 117], [116, 133], [133, 134], [133, 150], [150, 151], [150, 167], [167, 168], [167, 186], [169, 170], [186, 187], [186, 204], [204, 206], [204, 223], [206, 207], [223, 224], [223, 243], [224, 243], [243, 251], [251, 260], [251, 276], [276, 284], [276, 301], [284, 285], [301, 303], [301, 323], [303, 304], [304, 305], [305, 306], [323, 324], [323, 340], [340, 359], [359, 380], [380, 399], [399, 418], [418, 440], [440, 442], [440, 459], [442, 443], [459, 468], [459, 484], [484, 508], [508, 517], [508, 533], [517, 533]], "missing_branches": [[169, 186], [206, 223], [224, 225], [226, 227], [226, 243], [243, 245], [246, 248], [246, 251], [284, 301], [303, 323], [304, 323], [305, 304], [340, 342], [342, 343], [342, 359], [359, 361], [362, 363], [362, 380], [363, 364], [363, 380], [380, 382], [382, 383], [382, 399], [399, 401], [401, 402], [401, 418], [418, 419], [421, 424], [421, 440], [442, 459], [484, 491], [491, 492], [491, 508], [517, 518]]}, "SecurityVisitor.visit_Assign": {"executed_lines": [537, 538, 539, 542, 565, 567, 568, 569, 577, 588, 589, 590, 594, 609], "summary": {"covered_lines": 14, "num_statements": 16, "percent_covered": 83.33333333333333, "percent_covered_display": "83", "missing_lines": 2, "excluded_lines": 0, "num_branches": 14, "num_partial_branches": 3, "covered_branches": 11, "missing_branches": 3}, "missing_lines": [591, 592], "excluded_lines": [], "executed_branches": [[537, 538], [537, 609], [538, 539], [565, 537], [565, 567], [567, 537], [567, 568], [569, 577], [589, 590], [589, 594], [590, 589]], "missing_branches": [[538, 537], [569, 537], [590, 591]]}, "SecurityVisitor.visit_JoinedStr": {"executed_lines": [], "summary": {"covered_lines": 0, "num_statements": 4, "percent_covered": 0.0, "percent_covered_display": "0", "missing_lines": 4, "excluded_lines": 0, "num_branches": 2, "num_partial_branches": 0, "covered_branches": 0, "missing_branches": 2}, "missing_lines": [614, 615, 616, 631], "excluded_lines": [], "executed_branches": [], "missing_branches": [[615, 616], [615, 631]]}, "SecurityVisitor.visit_Compare": {"executed_lines": [636, 653, 654, 655, 656, 657, 671, 673], "summary": {"covered_lines": 8, "num_statements": 9, "percent_covered": 76.47058823529412, "percent_covered_display": "76", "missing_lines": 1, "excluded_lines": 0, "num_branches": 8, "num_partial_branches": 3, "covered_branches": 5, "missing_branches": 3}, "missing_lines": [637], "excluded_lines": [], "executed_branches": [[636, 653], [654, 655], [654, 673], [655, 656], [656, 657]], "missing_branches": [[636, 637], [655, 673], [656, 655]]}, "SecurityVisitor._get_call_name": {"executed_lines": [677, 678, 679, 680, 681, 682, 683, 684, 685, 686, 687], "summary": {"covered_lines": 11, "num_statements": 12, "percent_covered": 90.0, "percent_covered_display": "90", "missing_lines": 1, "excluded_lines": 0, "num_branches": 8, "num_partial_branches": 1, "covered_branches": 7, "missing_branches": 1}, "missing_lines": [688], "excluded_lines": [], "executed_branches": [[677, 678], [677, 679], [679, 680], [682, 683], [682, 685], [685, 686], [685, 687]], "missing_branches": [[679, 688]]}, "SecurityVisitor._get_keyword_arg": {"executed_lines": [692, 693, 696], "summary": {"covered_lines": 3, "num_statements": 4, "percent_covered": 62.5, "percent_covered_display": "62", "missing_lines": 1, "excluded_lines": 0, "num_branches": 4, "num_partial_branches": 2, "covered_branches": 2, "missing_branches": 2}, "missing_lines": [697], "excluded_lines": [], "executed_branches": [[692, 693], [693, 696]], "missing_branches": [[692, 697], [693, 692]]}, "SecurityVisitor._in_security_context": {"executed_lines": [702, 703, 704], "summary": {"covered_lines": 3, "num_statements": 3, "percent_covered": 100.0, "percent_covered_display": "100", "missing_lines": 0, "excluded_lines": 0, "num_branches": 0, "num_partial_branches": 0, "covered_branches": 0, "missing_branches": 0}, "missing_lines": [], "excluded_lines": [], "executed_branches": [], "missing_branches": []}, "SecurityVisitor._looks_like_sql_query": {"executed_lines": [708, 709, 710], "summary": {"covered_lines": 3, "num_statements": 3, "percent_covered": 100.0, "percent_covered_display": "100", "missing_lines": 0, "excluded_lines": 0, "num_branches": 0, "num_partial_branches": 0, "covered_branches": 0, "missing_branches": 0}, "missing_lines": [], "excluded_lines": [], "executed_branches": [], "missing_branches": []}, "CodeQualityVisitor.__init__": {"executed_lines": [722, 723, 724], "summary": {"covered_lines": 3, "num_statements": 3, "percent_covered": 100.0, "percent_covered_display": "100", "missing_lines": 0, "excluded_lines": 0, "num_branches": 0, "num_partial_branches": 0, "covered_branches": 0, "missing_branches": 0}, "missing_lines": [], "excluded_lines": [], "executed_branches": [], "missing_branches": []}, "CodeQualityVisitor._add_issue": {"executed_lines": [729, 730, 731], "summary": {"covered_lines": 3, "num_statements": 3, "percent_covered": 80.0, "percent_covered_display": "80", "missing_lines": 0, "excluded_lines": 0, "num_branches": 2, "num_partial_branches": 1, "covered_branches": 1, "missing_branches": 1}, "missing_lines": [], "excluded_lines": [], "executed_branches": [[730, 731]], "missing_branches": [[730, -726]]}, "CodeQualityVisitor._get_code_snippet": {"executed_lines": [735, 736], "summary": {"covered_lines": 2, "num_statements": 3, "percent_covered": 60.0, "percent_covered_display": "60", "missing_lines": 1, "excluded_lines": 0, "num_branches": 2, "num_partial_branches": 1, "covered_branches": 1, "missing_branches": 1}, "missing_lines": [737], "excluded_lines": [], "executed_branches": [[735, 736]], "missing_branches": [[735, 737]]}, "CodeQualityVisitor._is_suppressed": {"executed_lines": [749, 752, 755, 757, 760, 761, 764, 765, 767, 768, 773], "summary": {"covered_lines": 11, "num_statements": 15, "percent_covered": 65.51724137931035, "percent_covered_display": "66", "missing_lines": 4, "excluded_lines": 0, "num_branches": 14, "num_partial_branches": 4, "covered_branches": 8, "missing_branches": 6}, "missing_lines": [750, 758, 770, 771], "excluded_lines": [], "executed_branches": [[749, 752], [755, 757], [755, 764], [757, 760], [760, 761], [764, 765], [764, 773], [767, 768]], "missing_branches": [[749, 750], [757, 758], [760, 764], [767, 770], [770, 771], [770, 773]]}, "CodeQualityVisitor.visit_FunctionDef": {"executed_lines": [778, 779, 780, 794, 795, 796, 810, 811, 812, 826, 827, 829, 830, 831, 845, 846, 847, 848, 861], "summary": {"covered_lines": 19, "num_statements": 19, "percent_covered": 96.96969696969697, "percent_covered_display": "97", "missing_lines": 0, "excluded_lines": 0, "num_branches": 14, "num_partial_branches": 1, "covered_branches": 13, "missing_branches": 1}, "missing_lines": [], "excluded_lines": [], "executed_branches": [[778, 779], [778, 794], [779, 780], [779, 794], [795, 796], [795, 810], [810, 811], [810, 826], [811, 812], [829, 830], [829, 845], [846, 847], [846, 861]], "missing_branches": [[811, 810]]}, "CodeQualityVisitor.visit_ClassDef": {"executed_lines": [], "summary": {"covered_lines": 0, "num_statements": 3, "percent_covered": 0.0, "percent_covered_display": "0", "missing_lines": 3, "excluded_lines": 0, "num_branches": 2, "num_partial_branches": 0, "covered_branches": 0, "missing_branches": 2}, "missing_lines": [866, 867, 880], "excluded_lines": [], "executed_branches": [], "missing_branches": [[866, 867], [866, 880]]}, "CodeQualityVisitor.visit_Compare": {"executed_lines": [885, 886, 887, 888, 889, 903, 904, 905, 918], "summary": {"covered_lines": 9, "num_statements": 9, "percent_covered": 89.47368421052632, "percent_covered_display": "89", "missing_lines": 0, "excluded_lines": 0, "num_branches": 10, "num_partial_branches": 2, "covered_branches": 8, "missing_branches": 2}, "missing_lines": [], "excluded_lines": [], "executed_branches": [[885, 886], [885, 918], [886, 887], [886, 903], [887, 888], [903, 885], [903, 904], [904, 905]], "missing_branches": [[887, 903], [904, 885]]}, "CodeQualityVisitor.visit_Call": {"executed_lines": [922, 925, 927, 940], "summary": {"covered_lines": 4, "num_statements": 4, "percent_covered": 100.0, "percent_covered_display": "100", "missing_lines": 0, "excluded_lines": 0, "num_branches": 2, "num_partial_branches": 0, "covered_branches": 2, "missing_branches": 0}, "missing_lines": [], "excluded_lines": [], "executed_branches": [[925, 927], [925, 940]], "missing_branches": []}, "CodeQualityVisitor.visit_ExceptHandler": {"executed_lines": [945, 946, 960, 962, 965, 966, 979], "summary": {"covered_lines": 7, "num_statements": 7, "percent_covered": 84.61538461538461, "percent_covered_display": "85", "missing_lines": 0, "excluded_lines": 0, "num_branches": 6, "num_partial_branches": 2, "covered_branches": 4, "missing_branches": 2}, "missing_lines": [], "excluded_lines": [], "executed_branches": [[945, 946], [945, 960], [960, 962], [965, 966]], "missing_branches": [[960, 979], [965, 979]]}, "CodeQualityVisitor._get_call_name": {"executed_lines": [983, 984, 985, 986], "summary": {"covered_lines": 4, "num_statements": 5, "percent_covered": 77.77777777777777, "percent_covered_display": "78", "missing_lines": 1, "excluded_lines": 0, "num_branches": 4, "num_partial_branches": 1, "covered_branches": 3, "missing_branches": 1}, "missing_lines": [987], "excluded_lines": [], "executed_branches": [[983, 984], [983, 985], [985, 986]], "missing_branches": [[985, 987]]}, "CodeQualityVisitor.visit_Constant": {"executed_lines": [992, 994, 995, 996, 1009], "summary": {"covered_lines": 5, "num_statements": 5, "percent_covered": 88.88888888888889, "percent_covered_display": "89", "missing_lines": 0, "excluded_lines": 0, "num_branches": 4, "num_partial_branches": 1, "covered_branches": 3, "missing_branches": 1}, "missing_lines": [], "excluded_lines": [], "executed_branches": [[992, 994], [992, 1009], [995, 996]], "missing_branches": [[995, 1009]]}, "CodeQualityVisitor._calculate_complexity": {"executed_lines": [1018, 1020, 1021, 1022, 1023, 1025, 1028], "summary": {"covered_lines": 7, "num_statements": 9, "percent_covered": 76.47058823529412, "percent_covered_display": "76", "missing_lines": 2, "excluded_lines": 0, "num_branches": 8, "num_partial_branches": 2, "covered_branches": 6, "missing_branches": 2}, "missing_lines": [1024, 1026], "excluded_lines": [], "executed_branches": [[1020, 1021], [1020, 1028], [1021, 1022], [1021, 1023], [1023, 1025], [1025, 1020]], "missing_branches": [[1023, 1024], [1025, 1026]]}, "CodeQualityVisitor._count_lines_of_code": {"executed_lines": [1032, 1038], "summary": {"covered_lines": 2, "num_statements": 3, "percent_covered": 60.0, "percent_covered_display": "60", "missing_lines": 1, "excluded_lines": 0, "num_branches": 2, "num_partial_branches": 1, "covered_branches": 1, "missing_branches": 1}, "missing_lines": [1037], "excluded_lines": [], "executed_branches": [[1032, 1038]], "missing_branches": [[1032, 1037]]}, "ASTAnalyzer.__init__": {"executed_lines": [1053, 1054], "summary": {"covered_lines": 2, "num_statements": 2, "percent_covered": 100.0, "percent_covered_display": "100", "missing_lines": 0, "excluded_lines": 0, "num_branches": 0, "num_partial_branches": 0, "covered_branches": 0, "missing_branches": 0}, "missing_lines": [], "excluded_lines": [], "executed_branches": [], "missing_branches": []}, "ASTAnalyzer.analyze_file": {"executed_lines": [1066, 1067, 1068, 1070], "summary": {"covered_lines": 4, "num_statements": 4, "percent_covered": 100.0, "percent_covered_display": "100", "missing_lines": 0, "excluded_lines": 0, "num_branches": 2, "num_partial_branches": 0, "covered_branches": 2, "missing_branches": 0}, "missing_lines": [], "excluded_lines": [], "executed_branches": [[1067, 1068], [1067, 1070]], "missing_branches": []}, "ASTAnalyzer.analyze_code": {"executed_lines": [1082, 1083, 1084, 1087, 1088, 1091, 1092, 1094, 1096, 1097, 1100], "summary": {"covered_lines": 11, "num_statements": 14, "percent_covered": 78.57142857142857, "percent_covered_display": "79", "missing_lines": 3, "excluded_lines": 0, "num_branches": 0, "num_partial_branches": 0, "covered_branches": 0, "missing_branches": 0}, "missing_lines": [1101, 1102, 1103], "excluded_lines": [], "executed_branches": [], "missing_branches": []}, "ASTAnalyzer.get_complexity_report": {"executed_lines": [1115, 1116, 1117, 1119, 1120, 1122], "summary": {"covered_lines": 6, "num_statements": 8, "percent_covered": 75.0, "percent_covered_display": "75", "missing_lines": 2, "excluded_lines": 0, "num_branches": 0, "num_partial_branches": 0, "covered_branches": 0, "missing_branches": 0}, "missing_lines": [1124, 1125], "excluded_lines": [], "executed_branches": [], "missing_branches": []}, "": {"executed_lines": [1, 13, 14, 15, 16, 17, 19, 22, 23, 24, 26, 27, 28, 29, 30, 31, 32, 33, 34, 37, 38, 39, 41, 42, 43, 44, 45, 46, 47, 50, 51, 57, 64, 69, 75, 111, 535, 611, 633, 675, 690, 699, 706, 713, 714, 720, 726, 733, 739, 775, 863, 882, 920, 942, 981, 989, 1011, 1030, 1041, 1042, 1051, 1056, 1072, 1105], "summary": {"covered_lines": 58, "num_statements": 58, "percent_covered": 100.0, "percent_covered_display": "100", "missing_lines": 0, "excluded_lines": 0, "num_branches": 0, "num_partial_branches": 0, "covered_branches": 0, "missing_branches": 0}, "missing_lines": [], "excluded_lines": [], "executed_branches": [], "missing_branches": []}}, "classes": {"SecurityIssue": {"executed_lines": [], "summary": {"covered_lines": 0, "num_statements": 0, "percent_covered": 100.0, "percent_covered_display": "100", "missing_lines": 0, "excluded_lines": 0, "num_branches": 0, "num_partial_branches": 0, "covered_branches": 0, "missing_branches": 0}, "missing_lines": [], "excluded_lines": [], "executed_branches": [], "missing_branches": []}, "CodeQualityIssue": {"executed_lines": [], "summary": {"covered_lines": 0, "num_statements": 0, "percent_covered": 100.0, "percent_covered_display": "100", "missing_lines": 0, "excluded_lines": 0, "num_branches": 0, "num_partial_branches": 0, "covered_branches": 0, "missing_branches": 0}, "missing_lines": [], "excluded_lines": [], "executed_branches": [], "missing_branches": []}, "SecurityVisitor": {"executed_lines": [59, 60, 61, 62, 66, 67, 71, 72, 85, 88, 91, 93, 94, 96, 97, 100, 101, 103, 104, 106, 107, 109, 113, 116, 117, 133, 134, 150, 151, 167, 168, 169, 170, 186, 187, 188, 204, 206, 207, 223, 224, 243, 251, 260, 276, 284, 285, 301, 303, 304, 305, 306, 320, 323, 324, 340, 359, 380, 399, 418, 440, 442, 443, 459, 468, 484, 508, 517, 533, 537, 538, 539, 542, 565, 567, 568, 569, 577, 588, 589, 590, 594, 609, 636, 653, 654, 655, 656, 657, 671, 673, 677, 678, 679, 680, 681, 682, 683, 684, 685, 686, 687, 692, 693, 696, 702, 703, 704, 708, 709, 710], "summary": {"covered_lines": 111, "num_statements": 144, "percent_covered": 70.65217391304348, "percent_covered_display": "71", "missing_lines": 33, "excluded_lines": 0, "num_branches": 132, "num_partial_branches": 28, "covered_branches": 84, "missing_branches": 48}, "missing_lines": [73, 86, 225, 226, 227, 245, 246, 248, 342, 343, 361, 362, 363, 364, 382, 383, 401, 402, 419, 421, 424, 491, 492, 518, 591, 592, 614, 615, 616, 631, 637, 688, 697], "excluded_lines": [], "executed_branches": [[66, -64], [66, 67], [71, 72], [85, 88], [91, 93], [91, 100], [93, 94], [93, 96], [96, 97], [96, 100], [100, 101], [100, 109], [103, 104], [103, 106], [106, 107], [116, 117], [116, 133], [133, 134], [133, 150], [150, 151], [150, 167], [167, 168], [167, 186], [169, 170], [186, 187], [186, 204], [204, 206], [204, 223], [206, 207], [223, 224], [223, 243], [224, 243], [243, 251], [251, 260], [251, 276], [276, 284], [276, 301], [284, 285], [301, 303], [301, 323], [303, 304], [304, 305], [305, 306], [323, 324], [323, 340], [340, 359], [359, 380], [380, 399], [399, 418], [418, 440], [440, 442], [440, 459], [442, 443], [459, 468], [459, 484], [484, 508], [508, 517], [508, 533], [517, 533], [537, 538], [537, 609], [538, 539], [565, 537], [565, 567], [567, 537], [567, 568], [569, 577], [589, 590], [589, 594], [590, 589], [636, 653], [654, 655], [654, 673], [655, 656], [656, 657], [677, 678], [677, 679], [679, 680], [682, 683], [682, 685], [685, 686], [685, 687], [692, 693], [693, 696]], "missing_branches": [[71, 73], [85, 86], [106, 109], [169, 186], [206, 223], [224, 225], [226, 227], [226, 243], [243, 245], [246, 248], [246, 251], [284, 301], [303, 323], [304, 323], [305, 304], [340, 342], [342, 343], [342, 359], [359, 361], [362, 363], [362, 380], [363, 364], [363, 380], [380, 382], [382, 383], [382, 399], [399, 401], [401, 402], [401, 418], [418, 419], [421, 424], [421, 440], [442, 459], [484, 491], [491, 492], [491, 508], [517, 518], [538, 537], [569, 537], [590, 591], [615, 616], [615, 631], [636, 637], [655, 673], [656, 655], [679, 688], [692, 697], [693, 692]]}, "CodeQualityVisitor": {"executed_lines": [722, 723, 724, 729, 730, 731, 735, 736, 749, 752, 755, 757, 760, 761, 764, 765, 767, 768, 773, 778, 779, 780, 794, 795, 796, 810, 811, 812, 826, 827, 829, 830, 831, 845, 846, 847, 848, 861, 885, 886, 887, 888, 889, 903, 904, 905, 918, 922, 925, 927, 940, 945, 946, 960, 962, 965, 966, 979, 983, 984, 985, 986, 992, 994, 995, 996, 1009, 1018, 1020, 1021, 1022, 1023, 1025, 1028, 1032, 1038], "summary": {"covered_lines": 76, "num_statements": 88, "percent_covered": 79.74683544303798, "percent_covered_display": "80", "missing_lines": 12, "excluded_lines": 0, "num_branches": 70, "num_partial_branches": 16, "covered_branches": 50, "missing_branches": 20}, "missing_lines": [737, 750, 758, 770, 771, 866, 867, 880, 987, 1024, 1026, 1037], "excluded_lines": [], "executed_branches": [[730, 731], [735, 736], [749, 752], [755, 757], [755, 764], [757, 760], [760, 761], [764, 765], [764, 773], [767, 768], [778, 779], [778, 794], [779, 780], [779, 794], [795, 796], [795, 810], [810, 811], [810, 826], [811, 812], [829, 830], [829, 845], [846, 847], [846, 861], [885, 886], [885, 918], [886, 887], [886, 903], [887, 888], [903, 885], [903, 904], [904, 905], [925, 927], [925, 940], [945, 946], [945, 960], [960, 962], [965, 966], [983, 984], [983, 985], [985, 986], [992, 994], [992, 1009], [995, 996], [1020, 1021], [1020, 1028], [1021, 1022], [1021, 1023], [1023, 1025], [1025, 1020], [1032, 1038]], "missing_branches": [[730, -726], [735, 737], [749, 750], [757, 758], [760, 764], [767, 770], [770, 771], [770, 773], [811, 810], [866, 867], [866, 880], [887, 903], [904, 885], [960, 979], [965, 979], [985, 987], [995, 1009], [1023, 1024], [1025, 1026], [1032, 1037]]}, "ASTAnalyzer": {"executed_lines": [1053, 1054, 1066, 1067, 1068, 1070, 1082, 1083, 1084, 1087, 1088, 1091, 1092, 1094, 1096, 1097, 1100, 1115, 1116, 1117, 1119, 1120, 1122], "summary": {"covered_lines": 23, "num_statements": 28, "percent_covered": 83.33333333333333, "percent_covered_display": "83", "missing_lines": 5, "excluded_lines": 0, "num_branches": 2, "num_partial_branches": 0, "covered_branches": 2, "missing_branches": 0}, "missing_lines": [1101, 1102, 1103, 1124, 1125], "excluded_lines": [], "executed_branches": [[1067, 1068], [1067, 1070]], "missing_branches": []}, "": {"executed_lines": [1, 13, 14, 15, 16, 17, 19, 22, 23, 24, 26, 27, 28, 29, 30, 31, 32, 33, 34, 37, 38, 39, 41, 42, 43, 44, 45, 46, 47, 50, 51, 57, 64, 69, 75, 111, 535, 611, 633, 675, 690, 699, 706, 713, 714, 720, 726, 733, 739, 775, 863, 882, 920, 942, 981, 989, 1011, 1030, 1041, 1042, 1051, 1056, 1072, 1105], "summary": {"covered_lines": 58, "num_statements": 58, "percent_covered": 100.0, "percent_covered_display": "100", "missing_lines": 0, "excluded_lines": 0, "num_branches": 0, "num_partial_branches": 0, "covered_branches": 0, "missing_branches": 0}, "missing_lines": [], "excluded_lines": [], "executed_branches": [], "missing_branches": []}}}, "pyguard/lib/async_patterns.py": {"executed_lines": [1, 11, 12, 13, 16, 17, 18, 20, 21, 22, 23, 24, 25, 26, 29, 30, 41, 42, 43, 44, 45, 46, 59, 62, 63, 64, 67, 68, 69, 72, 75, 76, 88, 89, 90, 92, 94, 95, 97, 99, 100, 101, 102, 103, 105, 107, 109, 111, 112, 123, 125, 126, 131, 142, 144, 145, 156, 158, 159, 164, 175, 177, 178, 179, 180, 181, 184, 186, 188, 189, 190, 191, 192, 203, 205, 207, 209, 210, 211, 214, 225, 228, 229, 231, 232, 234, 245, 246, 247, 248, 249, 250, 252, 254, 257, 267, 268, 269, 270, 271, 272, 273], "summary": {"covered_lines": 98, "num_statements": 99, "percent_covered": 94.07407407407408, "percent_covered_display": "94", "missing_lines": 1, "excluded_lines": 0, "num_branches": 36, "num_partial_branches": 7, "covered_branches": 29, "missing_branches": 7}, "missing_lines": [182], "excluded_lines": [], "executed_branches": [[75, 76], [75, 88], [99, 100], [99, 105], [111, -107], [111, 112], [125, -123], [125, 126], [126, -123], [126, 131], [144, -142], [144, 145], [158, -156], [158, 159], [159, -156], [159, 164], [177, 178], [177, 179], [179, 180], [180, 181], [186, 188], [186, 203], [188, 189], [188, 203], [189, 190], [191, 192], [207, 209], [209, 210], [211, 214]], "missing_branches": [[179, 182], [180, 182], [189, 188], [191, 188], [207, 225], [209, 225], [211, 225]], "functions": {"AsyncPatternVisitor.__init__": {"executed_lines": [42, 43, 44, 45, 46], "summary": {"covered_lines": 5, "num_statements": 5, "percent_covered": 100.0, "percent_covered_display": "100", "missing_lines": 0, "excluded_lines": 0, "num_branches": 0, "num_partial_branches": 0, "covered_branches": 0, "missing_branches": 0}, "missing_lines": [], "excluded_lines": [], "executed_branches": [], "missing_branches": []}, "AsyncPatternVisitor.visit_AsyncFunctionDef": {"executed_lines": [62, 63, 64, 67, 68, 69, 72, 75, 76, 88, 89, 90], "summary": {"covered_lines": 12, "num_statements": 12, "percent_covered": 100.0, "percent_covered_display": "100", "missing_lines": 0, "excluded_lines": 0, "num_branches": 2, "num_partial_branches": 0, "covered_branches": 2, "missing_branches": 0}, "missing_lines": [], "excluded_lines": [], "executed_branches": [[75, 76], [75, 88]], "missing_branches": []}, "AsyncPatternVisitor.visit_Await": {"executed_lines": [94, 95], "summary": {"covered_lines": 2, "num_statements": 2, "percent_covered": 100.0, "percent_covered_display": "100", "missing_lines": 0, "excluded_lines": 0, "num_branches": 0, "num_partial_branches": 0, "covered_branches": 0, "missing_branches": 0}, "missing_lines": [], "excluded_lines": [], "executed_branches": [], "missing_branches": []}, "AsyncPatternVisitor.visit_Call": {"executed_lines": [99, 100, 101, 102, 103, 105], "summary": {"covered_lines": 6, "num_statements": 6, "percent_covered": 100.0, "percent_covered_display": "100", "missing_lines": 0, "excluded_lines": 0, "num_branches": 2, "num_partial_branches": 0, "covered_branches": 2, "missing_branches": 0}, "missing_lines": [], "excluded_lines": [], "executed_branches": [[99, 100], [99, 105]], "missing_branches": []}, "AsyncPatternVisitor._check_blocking_call": {"executed_lines": [109, 111, 112], "summary": {"covered_lines": 3, "num_statements": 3, "percent_covered": 100.0, "percent_covered_display": "100", "missing_lines": 0, "excluded_lines": 0, "num_branches": 2, "num_partial_branches": 0, "covered_branches": 2, "missing_branches": 0}, "missing_lines": [], "excluded_lines": [], "executed_branches": [[111, -107], [111, 112]], "missing_branches": []}, "AsyncPatternVisitor._check_time_sleep": {"executed_lines": [125, 126, 131], "summary": {"covered_lines": 3, "num_statements": 3, "percent_covered": 100.0, "percent_covered_display": "100", "missing_lines": 0, "excluded_lines": 0, "num_branches": 4, "num_partial_branches": 0, "covered_branches": 4, "missing_branches": 0}, "missing_lines": [], "excluded_lines": [], "executed_branches": [[125, -123], [125, 126], [126, -123], [126, 131]], "missing_branches": []}, "AsyncPatternVisitor._check_open_call": {"executed_lines": [144, 145], "summary": {"covered_lines": 2, "num_statements": 2, "percent_covered": 100.0, "percent_covered_display": "100", "missing_lines": 0, "excluded_lines": 0, "num_branches": 2, "num_partial_branches": 0, "covered_branches": 2, "missing_branches": 0}, "missing_lines": [], "excluded_lines": [], "executed_branches": [[144, -142], [144, 145]], "missing_branches": []}, "AsyncPatternVisitor._check_sync_requests": {"executed_lines": [158, 159, 164], "summary": {"covered_lines": 3, "num_statements": 3, "percent_covered": 100.0, "percent_covered_display": "100", "missing_lines": 0, "excluded_lines": 0, "num_branches": 4, "num_partial_branches": 0, "covered_branches": 4, "missing_branches": 0}, "missing_lines": [], "excluded_lines": [], "executed_branches": [[158, -156], [158, 159], [159, -156], [159, 164]], "missing_branches": []}, "AsyncPatternVisitor._get_call_name": {"executed_lines": [177, 178, 179, 180, 181], "summary": {"covered_lines": 5, "num_statements": 6, "percent_covered": 75.0, "percent_covered_display": "75", "missing_lines": 1, "excluded_lines": 0, "num_branches": 6, "num_partial_branches": 2, "covered_branches": 4, "missing_branches": 2}, "missing_lines": [182], "excluded_lines": [], "executed_branches": [[177, 178], [177, 179], [179, 180], [180, 181]], "missing_branches": [[179, 182], [180, 182]]}, "AsyncPatternVisitor.visit_With": {"executed_lines": [186, 188, 189, 190, 191, 192, 203], "summary": {"covered_lines": 7, "num_statements": 7, "percent_covered": 86.66666666666667, "percent_covered_display": "87", "missing_lines": 0, "excluded_lines": 0, "num_branches": 8, "num_partial_branches": 2, "covered_branches": 6, "missing_branches": 2}, "missing_lines": [], "excluded_lines": [], "executed_branches": [[186, 188], [186, 203], [1
[...]
345, 347, 348, 349, 351, 353, 354, 355, 358, 359, 360, 363, 364, 365, 366, 372, 374], "summary": {"covered_lines": 40, "num_statements": 41, "percent_covered": 89.83050847457628, "percent_covered_display": "90", "missing_lines": 1, "excluded_lines": 0, "num_branches": 18, "num_partial_branches": 5, "covered_branches": 13, "missing_branches": 5}, "missing_lines": [305], "excluded_lines": [], "executed_branches": [[304, 307], [328, 329], [328, 331], [345, 347], [345, 358], [348, 349], [351, 353], [353, 354], [358, 359], [358, 363], [363, 364], [363, 374], [365, 366]], "missing_branches": [[304, 305], [348, 345], [351, 345], [353, 345], [365, 372]]}, "": {"executed_lines": [1, 8, 9, 10, 11, 13, 16, 17, 18, 20, 21, 22, 23, 24, 25, 26, 27, 28, 31, 32, 38, 59, 65, 72, 82, 136, 187, 194, 200, 206, 213, 284, 285, 287, 293, 317], "summary": {"covered_lines": 32, "num_statements": 32, "percent_covered": 100.0, "percent_covered_display": "100", "missing_lines": 0, "excluded_lines": 0, "num_branches": 0, "num_partial_branches": 0, "covered_branches": 0, "missing_branches": 0}, "missing_lines": [], "excluded_lines": [], "executed_branches": [], "missing_branches": []}}}, "pyguard/lib/watch.py": {"executed_lines": [1, 7, 8, 9, 10, 11, 13, 16, 17, 19, 26, 27, 28, 29, 30, 32, 38, 39, 41, 44, 45, 48, 49, 52, 53, 54, 55, 58, 59, 61, 71, 72, 75, 76, 79, 80, 81, 82, 83, 85, 88, 89, 91, 98, 99, 100, 101, 103, 105, 107, 108, 109, 112, 114, 116, 117, 124, 125, 129, 131, 132, 134, 135, 136, 137, 138, 139, 141, 143, 144, 147, 154, 155, 157, 158], "summary": {"covered_lines": 72, "num_statements": 73, "percent_covered": 97.89473684210526, "percent_covered_display": "98", "missing_lines": 1, "excluded_lines": 0, "num_branches": 22, "num_partial_branches": 1, "covered_branches": 21, "missing_branches": 1}, "missing_lines": [50], "excluded_lines": [], "executed_branches": [[38, 39], [38, 41], [44, 45], [44, 48], [49, 52], [71, 72], [71, 75], [75, 76], [75, 79], [79, 80], [79, 85], [80, 81], [80, 82], [82, 79], [82, 83], [107, 108], [107, 131], [108, 109], [108, 114], [114, 116], [114, 124]], "missing_branches": [[49, 50]], "functions": {"PyGuardWatcher.__init__": {"executed_lines": [26, 27, 28, 29, 30], "summary": {"covered_lines": 5, "num_statements": 5, "percent_covered": 100.0, "percent_covered_display": "100", "missing_lines": 0, "excluded_lines": 0, "num_branches": 0, "num_partial_branches": 0, "covered_branches": 0, "missing_branches": 0}, "missing_lines": [], "excluded_lines": [], "executed_branches": [], "missing_branches": []}, "PyGuardWatcher.on_modified": {"executed_lines": [38, 39, 41, 44, 45, 48, 49, 52, 53, 54, 55, 58, 59], "summary": {"covered_lines": 13, "num_statements": 14, "percent_covered": 90.0, "percent_covered_display": "90", "missing_lines": 1, "excluded_lines": 0, "num_branches": 6, "num_partial_branches": 1, "covered_branches": 5, "missing_branches": 1}, "missing_lines": [50], "excluded_lines": [], "executed_branches": [[38, 39], [38, 41], [44, 45], [44, 48], [49, 52]], "missing_branches": [[49, 50]]}, "PyGuardWatcher._should_process": {"executed_lines": [71, 72, 75, 76, 79, 80, 81, 82, 83, 85], "summary": {"covered_lines": 10, "num_statements": 10, "percent_covered": 100.0, "percent_covered_display": "100", "missing_lines": 0, "excluded_lines": 0, "num_branches": 10, "num_partial_branches": 0, "covered_branches": 10, "missing_branches": 0}, "missing_lines": [], "excluded_lines": [], "executed_branches": [[71, 72], [71, 75], [75, 76], [75, 79], [79, 80], [79, 85], [80, 81], [80, 82], [82, 79], [82, 83]], "missing_branches": []}, "WatchMode.__init__": {"executed_lines": [98, 99, 100, 101], "summary": {"covered_lines": 4, "num_statements": 4, "percent_covered": 100.0, "percent_covered_display": "100", "missing_lines": 0, "excluded_lines": 0, "num_branches": 0, "num_partial_branches": 0, "covered_branches": 0, "missing_branches": 0}, "missing_lines": [], "excluded_lines": [], "executed_branches": [], "missing_branches": []}, "WatchMode.start": {"executed_lines": [105, 107, 108, 109, 112, 114, 116, 117, 124, 125, 129, 131, 132, 134, 135, 136, 137, 138, 139], "summary": {"covered_lines": 19, "num_statements": 19, "percent_covered": 100.0, "percent_covered_display": "100", "missing_lines": 0, "excluded_lines": 0, "num_branches": 6, "num_partial_branches": 0, "covered_branches": 6, "missing_branches": 0}, "missing_lines": [], "excluded_lines": [], "executed_branches": [[107, 108], [107, 131], [108, 109], [108, 114], [114, 116], [114, 124]], "missing_branches": []}, "WatchMode.stop": {"executed_lines": [143, 144], "summary": {"covered_lines": 2, "num_statements": 2, "percent_covered": 100.0, "percent_covered_display": "100", "missing_lines": 0, "excluded_lines": 0, "num_branches": 0, "num_partial_branches": 0, "covered_branches": 0, "missing_branches": 0}, "missing_lines": [], "excluded_lines": [], "executed_branches": [], "missing_branches": []}, "run_watch_mode": {"executed_lines": [154, 155, 157, 158], "summary": {"covered_lines": 4, "num_statements": 4, "percent_covered": 100.0, "percent_covered_display": "100", "missing_lines": 0, "excluded_lines": 0, "num_branches": 0, "num_partial_branches": 0, "covered_branches": 0, "missing_branches": 0}, "missing_lines": [], "excluded_lines": [], "executed_branches": [], "missing_branches": []}, "": {"executed_lines": [1, 7, 8, 9, 10, 11, 13, 16, 17, 19, 32, 61, 88, 89, 91, 103, 141, 147], "summary": {"covered_lines": 15, "num_statements": 15, "percent_covered": 100.0, "percent_covered_display": "100", "missing_lines": 0, "excluded_lines": 0, "num_branches": 0, "num_partial_branches": 0, "covered_branches": 0, "missing_branches": 0}, "missing_lines": [], "excluded_lines": [], "executed_branches": [], "missing_branches": []}}, "classes": {"PyGuardWatcher": {"executed_lines": [26, 27, 28, 29, 30, 38, 39, 41, 44, 45, 48, 49, 52, 53, 54, 55, 58, 59, 71, 72, 75, 76, 79, 80, 81, 82, 83, 85], "summary": {"covered_lines": 28, "num_statements": 29, "percent_covered": 95.55555555555556, "percent_covered_display": "96", "missing_lines": 1, "excluded_lines": 0, "num_branches": 16, "num_partial_branches": 1, "covered_branches": 15, "missing_branches": 1}, "missing_lines": [50], "excluded_lines": [], "executed_branches": [[38, 39], [38, 41], [44, 45], [44, 48], [49, 52], [71, 72], [71, 75], [75, 76], [75, 79], [79, 80], [79, 85], [80, 81], [80, 82], [82, 79], [82, 83]], "missing_branches": [[49, 50]]}, "WatchMode": {"executed_lines": [98, 99, 100, 101, 105, 107, 108, 109, 112, 114, 116, 117, 124, 125, 129, 131, 132, 134, 135, 136, 137, 138, 139, 143, 144], "summary": {"covered_lines": 25, "num_statements": 25, "percent_covered": 100.0, "percent_covered_display": "100", "missing_lines": 0, "excluded_lines": 0, "num_branches": 6, "num_partial_branches": 0, "covered_branches": 6, "missing_branches": 0}, "missing_lines": [], "excluded_lines": [], "executed_branches": [[107, 108], [107, 131], [108, 109], [108, 114], [114, 116], [114, 124]], "missing_branches": []}, "": {"executed_lines": [1, 7, 8, 9, 10, 11, 13, 16, 17, 19, 32, 61, 88, 89, 91, 103, 141, 147, 154, 155, 157, 158], "summary": {"covered_lines": 19, "num_statements": 19, "percent_covered": 100.0, "percent_covered_display": "100", "missing_lines": 0, "excluded_lines": 0, "num_branches": 0, "num_partial_branches": 0, "covered_branches": 0, "missing_branches": 0}, "missing_lines": [], "excluded_lines": [], "executed_branches": [], "missing_branches": []}}}, "pyguard/lib/xss_detection.py": {"executed_lines": [1, 25, 26, 27, 28, 30, 31, 39, 42, 43, 49, 51, 52, 53, 54, 55, 56, 58, 60, 61, 62, 63, 64, 65, 66, 67, 68, 69, 70, 73, 75, 76, 77, 81, 83, 85, 87, 93, 95, 96, 97, 98, 99, 100, 102, 104, 107, 108, 109, 111, 112, 113, 114, 115, 117, 118, 132, 133, 149, 150, 151, 167, 168, 169, 185, 187, 189, 190, 191, 207, 208, 224, 225, 227, 228, 235, 251, 253, 254, 255, 259, 260, 275, 277, 280, 282, 283, 285, 287, 288, 289, 290, 291, 294, 295, 297, 298, 313, 315, 318, 319, 321, 322, 323, 324, 325, 326, 327, 329, 330, 345, 348, 354, 355, 357, 359, 360, 363, 364, 367, 368, 371, 373, 374, 375, 378, 379, 381, 384, 394, 396, 397, 398, 401, 402, 403, 404, 405, 406, 407, 410, 411, 412, 413, 414, 416, 419, 422, 426, 427, 428, 429, 434, 452, 456], "summary": {"covered_lines": 153, "num_statements": 171, "percent_covered": 83.74558303886926, "percent_covered_display": "84", "missing_lines": 18, "excluded_lines": 0, "num_branches": 112, "num_partial_branches": 24, "covered_branches": 84, "missing_branches": 28}, "missing_lines": [71, 82, 84, 89, 90, 91, 417, 418, 420, 421, 423, 424, 425, 430, 431, 432, 449, 450], "excluded_lines": [], "executed_branches": [[60, 61], [60, 62], [62, 63], [65, 66], [65, 68], [68, 69], [68, 70], [75, 76], [75, 81], [81, 83], [83, 85], [95, 96], [96, 97], [98, 99], [98, 100], [107, 108], [107, 149], [111, 112], [111, 117], [112, 113], [114, 111], [114, 115], [117, 118], [117, 132], [132, 133], [132, 275], [149, 150], [149, 167], [150, 151], [167, 168], [167, 185], [168, 169], [185, 187], [185, 207], [187, 189], [190, 191], [207, 208], [207, 224], [224, 225], [224, 251], [225, 227], [228, 235], [251, 253], [251, 275], [253, 254], [255, 259], [259, 260], [280, 282], [287, 288], [287, 290], [288, 289], [290, -285], [290, 291], [297, 298], [297, 313], [321, 322], [321, 329], [322, 323], [322, 325], [323, 324], [325, 326], [326, 321], [326, 327], [329, 330], [329, 345], [357, 359], [357, 381], [359, 360], [359, 363], [363, 364], [363, 367], [367, 368], [367, 371], [371, 373], [371, 378], [374, 375], [378, 357], [378, 379], [411, 412], [411, 452], [416, 419], [419, 422], [422, 426], [426, 427]], "missing_branches": [[62, 71], [81, 82], [83, 84], [89, 90], [89, 91], [95, 100], [96, 98], [112, 111], [150, 275], [168, 275], [187, 275], [190, 275], [225, 275], [228, 275], [253, 275], [255, 275], [259, 275], [280, 313], [288, 290], [323, 321], [325, 321], [374, 378], [416, 417], [419, 420], [422, 423], [426, 430], [430, 431], [430, 434]], "functions": {"XSSDetector.__init__": {"executed_lines": [51, 52, 53, 54, 55, 56], "summary": {"covered_lines": 6, "num_statements": 6, "percent_covered": 100.0, "percent_covered_display": "100", "missing_lines": 0, "excluded_lines": 0, "num_branches": 0, "num_partial_branches": 0, "covered_branches": 0, "missing_branches": 0}, "missing_lines": [], "excluded_lines": [], "executed_branches": [], "missing_branches": []}, "XSSDetector._get_call_name": {"executed_lines": [60, 61, 62, 63, 64, 65, 66, 67, 68, 69, 70], "summary": {"covered_lines": 11, "num_statements": 12, "percent_covered": 90.0, "percent_covered_display": "90", "missing_lines": 1, "excluded_lines": 0, "num_branches": 8, "num_partial_branches": 1, "covered_branches": 7, "missing_branches": 1}, "missing_lines": [71], "excluded_lines": [], "executed_branches": [[60, 61], [60, 62], [62, 63], [65, 66], [65, 68], [68, 69], [68, 70]], "missing_branches": [[62, 71]]}, "XSSDetector._is_user_input": {"executed_lines": [75, 76, 77, 81, 83, 85], "summary": {"covered_lines": 6, "num_statements": 8, "percent_covered": 71.42857142857143, "percent_covered_display": "71", "missing_lines": 2, "excluded_lines": 0, "num_branches": 6, "num_partial_branches": 2, "covered_branches": 4, "missing_branches": 2}, "missing_lines": [82, 84], "excluded_lines": [], "executed_branches": [[75, 76], [75, 81], [81, 83], [83, 85]], "missing_branches": [[81, 82], [83, 84]]}, "XSSDetector.visit_Import": {"executed_lines": [], "summary": {"covered_lines": 0, "num_statements": 3, "percent_covered": 0.0, "percent_covered_display": "0", "missing_lines": 3, "excluded_lines": 0, "num_branches": 2, "num_partial_branches": 0, "covered_branches": 0, "missing_branches": 2}, "missing_lines": [89, 90, 91], "excluded_lines": [], "executed_branches": [], "missing_branches": [[89, 90], [89, 91]]}, "XSSDetector.visit_ImportFrom": {"executed_lines": [95, 96, 97, 98, 99, 100], "summary": {"covered_lines": 6, "num_statements": 6, "percent_covered": 83.33333333333333, "percent_covered_display": "83", "missing_lines": 0, "excluded_lines": 0, "num_branches": 6, "num_partial_branches": 2, "covered_branches": 4, "missing_branches": 2}, "missing_lines": [], "excluded_lines": [], "executed_branches": [[95, 96], [96, 97], [98, 99], [98, 100]], "missing_branches": [[95, 100], [96, 98]]}, "XSSDetector.visit_Call": {"executed_lines": [104, 107, 108, 109, 111, 112, 113, 114, 115, 117, 118, 132, 133, 149, 150, 151, 167, 168, 169, 185, 187, 189, 190, 191, 207, 208, 224, 225, 227, 228, 235, 251, 253, 254, 255, 259, 260, 275], "summary": {"covered_lines": 38, "num_statements": 38, "percent_covered": 87.5, "percent_covered_display": "88", "missing_lines": 0, "excluded_lines": 0, "num_branches": 42, "num_partial_branches": 10, "covered_branches": 32, "missing_branches": 10}, "missing_lines": [], "excluded_lines": [], "executed_branches": [[107, 108], [107, 149], [111, 112], [111, 117], [112, 113], [114, 111], [114, 115], [117, 118], [117, 132], [132, 133], [132, 275], [149, 150], [149, 167], [150, 151], [167, 168], [167, 185], [168, 169], [185, 187], [185, 207], [187, 189], [190, 191], [207, 208], [207, 224], [224, 225], [224, 251], [225, 227], [228, 235], [251, 253], [251, 275], [253, 254], [255, 259], [259, 260]], "missing_branches": [[112, 111], [150, 275], [168, 275], [187, 275], [190, 275], [225, 275], [228, 275], [253, 275], [255, 275], [259, 275]]}, "XSSDetector.visit_BinOp": {"executed_lines": [280, 282, 283, 285, 294, 295, 297, 298, 313], "summary": {"covered_lines": 9, "num_statements": 9, "percent_covered": 92.3076923076923, "percent_covered_display": "92", "missing_lines": 0, "excluded_lines": 0, "num_branches": 4, "num_partial_branches": 1, "covered_branches": 3, "missing_branches": 1}, "missing_lines": [], "excluded_lines": [], "executed_branches": [[280, 282], [297, 298], [297, 313]], "missing_branches": [[280, 313]]}, "XSSDetector.visit_BinOp.check_node": {"executed_lines": [287, 288, 289, 290, 291], "summary": {"covered_lines": 5, "num_statements": 5, "percent_covered": 90.9090909090909, "percent_covered_display": "91", "missing_lines": 0, "excluded_lines": 0, "num_branches": 6, "num_partial_branches": 1, "covered_branches": 5, "missing_branches": 1}, "missing_lines": [], "excluded_lines": [], "executed_branches": [[287, 288], [287, 290], [288, 289], [290, -285], [290, 291]], "missing_branches": [[288, 290]]}, "XSSDetector.visit_JoinedStr": {"executed_lines": [318, 319, 321, 322, 323, 324, 325, 326, 327, 329, 330, 345], "summary": {"covered_lines": 12, "num_statements": 12, "percent_covered": 91.66666666666667, "percent_covered_display": "92", "missing_lines": 0, "excluded_lines": 0, "num_branches": 12, "num_partial_branches": 2, "covered_branches": 10, "missing_branches": 2}, "missing_lines": [], "excluded_lines": [], "executed_branches": [[321, 322], [321, 329], [322, 323], [322, 325], [323, 324], [325, 326], [326, 321], [326, 327], [329, 330], [329, 345]], "missing_branches": [[323, 321], [325, 321]]}, "detect_xss_patterns": {"executed_lines": [354, 355, 357, 359, 360, 363, 364, 367, 368, 371, 373, 374, 375, 378, 379, 381], "summary": {"covered_lines": 16, "num_statements": 16, "percent_covered": 96.66666666666667, "percent_covered_display": "97", "missing_lines": 0, "excluded_lines": 0, "num_branches": 14, "num_partial_branches": 1, "covered_branches": 13, "missing_branches": 1}, "missing_lines": [], "excluded_lines": [], "executed_branches": [[357, 359], [357, 381], [359, 360], [359, 363], [363, 364], [363, 367], [367, 368], [367, 371], [371, 373], [371, 378], [374, 375], [378, 357], [378, 379]], "missing_branches": [[374, 378]]}, "check_xss_vulnerabilities": {"executed_lines": [394, 396, 397, 398, 401, 402, 403, 404, 405, 406, 407, 410, 411, 412, 413, 414, 416, 419, 422, 426, 427, 428, 429, 434, 452], "summary": {"covered_lines": 25, "num_statements": 37, "percent_covered": 63.265306122448976, "percent_covered_display": "63", "missing_lines": 12, "excluded_lines": 0, "num_branches": 12, "num_partial_branches": 4, "covered_branches": 6, "missing_branches": 6}, "missing_lines": [417, 418, 420, 421, 423, 424, 425, 430, 431, 432, 449, 450], "excluded_lines": [], "executed_branches": [[411, 412], [411, 452], [416, 419], [419, 422], [422, 426], [426, 427]], "missing_branches": [[416, 417], [419, 420], [422, 423], [426, 430], [430, 431], [430, 434]]}, "": {"executed_lines": [1, 25, 26, 27, 28, 30, 31, 39, 42, 43, 49, 58, 73, 87, 93, 102, 277, 315, 348, 384, 456], "summary": {"covered_lines": 19, "num_statements": 19, "percent_covered": 100.0, "percent_covered_display": "100", "missing_lines": 0, "excluded_lines": 0, "num_branches": 0, "num_partial_branches": 0, "covered_branches": 0, "missing_branches": 0}, "missing_lines": [], "excluded_lines": [], "executed_branches": [], "missing_branches": []}}, "classes": {"XSSDetector": {"executed_lines": [51, 52, 53, 54, 55, 56, 60, 61, 62, 63, 64, 65, 66, 67, 68, 69, 70, 75, 76, 77, 81, 83, 85, 95, 96, 97, 98, 99, 100, 104, 107, 108, 109, 111, 112, 113, 114, 115, 117, 118, 132, 133, 149, 150, 151, 167, 168, 169, 185, 187, 189, 190, 191, 207, 208, 224, 225, 227, 228, 235, 251, 253, 254, 255, 259, 260, 275, 280, 282, 283, 285, 287, 288, 289, 290, 291, 294, 295, 297, 298, 313, 318, 319, 321, 322, 323, 324, 325, 326, 327, 329, 330, 345], "summary": {"covered_lines": 93, "num_statements": 99, "percent_covered": 85.4054054054054, "percent_covered_display": "85", "missing_lines": 6, "excluded_lines": 0, "num_branches": 86, "num_partial_branches": 19, "covered_branches": 65, "missing_branches": 21}, "missing_lines": [71, 82, 84, 89, 90, 91], "excluded_lines": [], "executed_branches": [[60, 61], [60, 62], [62, 63], [65, 66], [65, 68], [68, 69], [68, 70], [75, 76], [75, 81], [81, 83], [83, 85], [95, 96], [96, 97], [98, 99], [98, 100], [107, 108], [107, 149], [111, 112], [111, 117], [112, 113], [114, 111], [114, 115], [117, 118], [117, 132], [132, 133], [132, 275], [149, 150], [149, 167], [150, 151], [167, 168], [167, 185], [168, 169], [185, 187], [185, 207], [187, 189], [190, 191], [207, 208], [207, 224], [224, 225], [224, 251], [225, 227], [228, 235], [251, 253], [251, 275], [253, 254], [255, 259], [259, 260], [280, 282], [287, 288], [287, 290], [288, 289], [290, -285], [290, 291], [297, 298], [297, 313], [321, 322], [321, 329], [322, 323], [322, 325], [323, 324], [325, 326], [326, 321], [326, 327], [329, 330], [329, 345]], "missing_branches": [[62, 71], [81, 82], [83, 84], [89, 90], [89, 91], [95, 100], [96, 98], [112, 111], [150, 275], [168, 275], [187, 275], [190, 275], [225, 275], [228, 275], [253, 275], [255, 275], [259, 275], [280, 313], [288, 290], [323, 321], [325, 321]]}, "": {"executed_lines": [1, 25, 26, 27, 28, 30, 31, 39, 42, 43, 49, 58, 73, 87, 93, 102, 277, 315, 348, 354, 355, 357, 359, 360, 363, 364, 367, 368, 371, 373, 374, 375, 378, 379, 381, 384, 394, 396, 397, 398, 401, 402, 403, 404, 405, 406, 407, 410, 411, 412, 413, 414, 416, 419, 422, 426, 427, 428, 429, 434, 452, 456], "summary": {"covered_lines": 60, "num_statements": 72, "percent_covered": 80.61224489795919, "percent_covered_display": "81", "missing_lines": 12, "excluded_lines": 0, "num_branches": 26, "num_partial_branches": 5, "covered_branches": 19, "missing_branches": 7}, "missing_lines": [417, 418, 420, 421, 423, 424, 425, 430, 431, 432, 449, 450], "excluded_lines": [], "executed_branches": [[357, 359], [357, 381], [359, 360], [359, 363], [363, 364], [363, 367], [367, 368], [367, 371], [371, 373], [371, 378], [374, 375], [378, 357], [378, 379], [411, 412], [411, 452], [416, 419], [419, 422], [422, 426], [426, 427]], "missing_branches": [[374, 378], [416, 417], [419, 420], [422, 423], [426, 430], [430, 431], [430, 434]]}}}}, "totals": {"covered_lines": 10130, "num_statements": 10999, "percent_covered": 88.0707101493447, "percent_covered_display": "88", "missing_lines": 869, "excluded_lines": 7, "num_branches": 5406, "num_partial_branches": 748, "covered_branches": 4318, "missing_branches": 1088}}